128 replayable entries

2024-05-30 TSLA: polygon error 403 Client Error: Forbidden for url: https://api.polygon.io/v2/aggs/ticker/TSLA/range/1/minute/2024-05-30/2024-05-30?adjusted=true&sort=asc&limit=50000&apiKey=6OoDQOfdUiVRicy9y5PE0MCQZ3MNjNj4
2024-06-05 TSLA: polygon error 403 Client Error: Forbidden for url: https://api.polygon.io/v2/aggs/ticker/TSLA/range/1/minute/2024-06-05/2024-06-05?adjusted=true&sort=asc&limit=50000&apiKey=6OoDQOfdUiVRicy9y5PE0MCQZ3MNjNj4
2024-07-05 AMD: polygon error 403 Client Error: Forbidden for url: https://api.polygon.io/v2/aggs/ticker/AMD/range/1/minute/2024-07-05/2024-07-05?adjusted=true&sort=asc&limit=50000&apiKey=6OoDQOfdUiVRicy9y5PE0MCQZ3MNjNj4
2024-07-15 10:01 TSLA  call | NOTHING detected  [TOOK TSLA 262,5 CALLS HERE]
2024-07-25 09:50 TSLA  call | FIRED break_and_retest C @09:51  [TOOK TSLA 225 CALLS <@&1219020123218645102>]
2024-08-07 10:10 AAPL  call | NOTHING detected  [Took AAPL 212.5 CALLS HERE]
2024-08-14 10:07 QQQ   put  | NOTHING detected  [Took 461 puts on qqq retest @everyone]
2024-08-23 15:09 AAPL  call | seen but skipped_d (break_and_retest D) @15:08  [I usually donΓÇÖt talk about swings too much.  In te]
2024-09-10 10:22 NVDA  put  | NOTHING detected  [TOOK NVDA 106 PUTS]
2024-10-16 09:57 NVDA  put  | NOTHING detected  [TOOK THE 132 PUTS ON NVDA LOOKING FOR LOD @everyon]
2024-11-08 10:39 AAPL  call | NOTHING detected  [TOOK 227.5 AAPL calls looking for HOD @everyone]
2024-11-15 10:52 TSLA  call | FIRED break_and_retest C @10:49  [Took TSLA 320 calls @everyone]
2024-11-22 11:06 TSLA  call | NOTHING detected  [TSLA took 345 calls for hod and then continuation ]
2024-11-25 17:16 AAPL  call | NOTHING detected  [AAPL completely forgot to type the entry in here! ]
2024-12-06 10:47 NVDA  call | NOTHING detected  [Took NVDA 145 calls here looking for hod @everyone]
2024-12-13 10:49 AAPL  call | NOTHING detected  [Took AAPL 250 calls looking for hod and the PM hig]
2025-01-02 11:11 NVDA  call | FIRED break_and_retest C @11:14  [Took NVDA 139 calls @everyone looking for hod]
2025-01-17 10:57 TSLA  call | NOTHING detected  [Took TSLA 427.50 calls  Target HOD  Risk pivot low]
2025-01-21 10:52 AMD   call | NOTHING detected  [TOOK 124 CALLS amd Stop below PDH target above hod]
2025-01-22 10:56 NVDA  call | seen but skipped_d (break_and_retest D) @10:54  [TOOK 147 NVDA CALLS @everyone]
2025-01-27 10:40 AAPL  call | NOTHING detected  [TOOK AAPL 227.5 calls @everyone]
2025-01-31 10:45 GOOGL call | NOTHING detected  [Took GOOGL 205 calls @everyone]
2025-02-04 16:34 TSLA  call | NOTHING detected  [Took TSLA 390 CALLS FEB 14th EXPIRY @everyone]
2025-02-05 10:43 NVDA  call | seen but skipped_tight_stop (break_and_retest C) @10:40  [Took NVDA 122 CALLS here low risk @everyone]
2025-02-11 11:02 AAPL  call | NOTHING detected  [TOOK 232.50 calls on AAPL for HOD push on 84% recl]
2025-02-19 10:39 TSLA  call | NOTHING detected  [TOOK 360 CALLS ON TSLA @everyone]
2025-02-25 10:36 AAPL  call | NOTHING detected  [TOOK AAPL 250 calls here @everyone]
2025-03-07 10:44 AAPL  call | FIRED break_and_retest C @10:45  [Very quick took 240 calls on AAPL but in same cand]
2025-03-11 09:32 AAPL  put  | NOTHING detected  [TOOK 225 AAPL PUTS HERE @everyone]
2025-03-11 09:47 NVDA  call | NOTHING detected  [NVDA NICE HOLD.  TOOK 110 CALLS looking for HOD.  ]
2025-03-13 09:48 TSLA  put  | NOTHING detected  [TOOK 240 PUTS ON TSLA LOOKING FOR LOD & CONTINUATI]
2025-03-18 09:44 TSLA  put  | NOTHING detected  [TOOK TSLA 225 PUTS looking for LOD & continuation ]
2025-03-21 09:47 TSLA  call | seen but skipped_d (break_and_retest D) @09:44  [TOOK TSLA 240 CALLS @everyone]
2025-03-24 09:43 TSLA  call | FIRED break_and_retest C @09:43  [Took TSLA 265 CALLS looking for HOD @everyone]
2025-03-28 10:05 TSLA  put  | FIRED break_and_retest C @10:06  [TOOK TSLA 270 PUTS AGAIN @everyone]
2025-03-31 09:39 NVDA  put  | seen but skipped_tight_stop (break_and_retest C) @09:39  [TOOK NVDA 104 PUTS looking for LOD @everyone]
2025-04-04 10:01 TSLA  put  | NOTHING detected  [Took 250 TSLA PUTS LOOKING FOR LOD @everyone]
2025-04-08 09:47 AMD   call | NOTHING detected  [TOOK AMD 88 CALLS   LOOKING FOR HOD  @everyone]
2025-04-15 10:00 TSLA  call | FIRED break_and_retest C @09:58  [TOOK TSLA 255 CALLS @everyone   Looking for hod]
2025-04-24 09:40 NVDA  call | seen but skipped_d (break_and_retest D) @09:38  [TOOK 104 NVDA CALLS LOOKING FOR HOD AND CONTINUATI]
2025-04-25 09:34 TSLA  call | NOTHING detected  [TSLA 262.5 calls took this for a HOD MOVE @everyon]
2025-04-28 09:41 TSLA  call | seen but skipped_tight_stop (break_and_retest C) @09:41  [TOOK TSLA 290 CALLS here @everyone looking for HOD]
2025-05-01 09:45 TSLA  call | FIRED break_and_retest C @09:45  [TOOK TSLA 287.50 CALLS @everyone   Looking for HOD]
2025-05-13 09:56 TSLA  call | NOTHING detected  [TOOK TSLA 325 CALLS HERE @everyone]
2025-05-16 09:39 TSLA  call | FIRED break_and_retest C @09:36  [TOOK TSLA 350 CALLS looking for HOD.  @everyone]
2025-05-19 10:07 NVDA  call | NOTHING detected  [Took NVDA 135 CALLS looking for HOD @everyone]
2025-05-21 09:51 AMD   call | FIRED break_and_retest C @09:48  [AMD took 115 calls here looking for hod and contin]
2025-06-03 10:01 TSLA  call | FIRED break_and_retest C @10:01  [Took TSLA 350 calls for hod & continuation @everyo]
2025-06-04 10:01 AAPL  call | NOTHING detected  [Took AAPL 205 CALLS @everyone]
2025-06-10 09:53 AMD   call | seen but skipped_d (break_and_retest D) @09:51  [TOOK AMD 123 CALLS looking for hod and continuatio]
2025-06-13 09:43 TSLA  call | seen but skipped_d (break_and_retest D) @09:40  [Took TSLA 317.50 calls looking for HOD @everyone s]
2025-06-17 09:53 AMD   call | FIRED break_and_retest C @09:53  [Took 129 AMD CALLS FOR HOD @everyone]
2025-06-20 09:53 AMD   call | NOTHING detected  [TOOK 132 AMD CALLS FOR HOD @everyone]
2025-06-25 10:05 NVDA  call | NOTHING detected  [Took NVDA 152.50 calls for HOD AND ATH @everyone]
2025-06-27 10:20 NVDA  call | FIRED break_and_retest C @10:21  [Took 155 calls on NVDA looking for hod @everyone]
2025-07-02 10:02 NVDA  call | FIRED break_and_retest C @10:02  [Took NVDA 155 calls looking for hod @everyone]
2025-07-08 09:35 TSLA  call | seen but skipped_tight_stop (break_and_retest C) @09:35  [TSLA TOOK 300 CALLS FOR HOD @everyone]
2025-07-08 10:14 NVDA  call | seen but skipped_d (break_and_retest D) @10:13  [TOOK NVDA 160 CALLS FOR HOD / ATH potential @every]
2025-07-11 09:40 NVDA  call | FIRED break_and_retest C @09:39  [TOOK NVDA 165 calls for hod & continuation @everyo]
2025-07-15 09:38 AMD   call | seen but skipped_d (break_and_retest D) @09:40  [TOOK AMD 157.50 calls @everyone target 158 for fir]
2025-07-15 10:07 AMD   call | FIRED break_and_retest C @10:10  [Other than thatΓÇª  I will call it a day.  IΓÇÖm going]
2025-07-18 09:42 TSLA  call | seen but skipped_d (break_and_retest D) @09:39  [TOOK TSLA 325 calls for hod & continuation @everyo]
2025-07-21 09:56 QQQ   call | NOTHING detected  [TOOK QQQ 565 CALLS @everyone]
2025-07-31 09:45 META  call | seen but skipped_tight_stop (break_and_retest C) @09:45  [TOOK META 782.50 calls for HOD @everyone]
2025-08-08 09:47 TSLA  call | NOTHING detected  [TOOK TSLA 327.50 calls for hod and continuation @e]
2025-08-14 09:48 NVDA  call | seen but skipped_d (break_and_retest D) @09:51  [TOOK NVDA 182.50 calls @everyone]
2025-08-19 09:54 TSLA  call | FIRED break_and_retest C @09:53  [Took 337.50 calls on TSLA here @everyone for hod &]
2025-08-22 09:49 TSLA  call | FIRED break_and_retest C @09:49  [TOOK TSLA 325 calls here @everyone]
2025-08-26 09:48 TSLA  call | NOTHING detected  [Took 347.50 calls on TSLA for hod @everyone]
2025-08-29 10:05 NVDA  put  | NOTHING detected  [Took 172.50 puts on NVDA @everyone]
2025-09-03 09:43 NVDA  put  | seen but skipped_d (break_and_retest D) @09:42  [Took 170 PUTS NVDA @everyone]
2025-09-05 09:40 TSLA  call | NOTHING detected  [Took TSLA 350 calls for hod @everyone]
2025-09-12 09:46 TSLA  call | NOTHING detected  [TOOK THE 377.50 calls on TSLA @everyone]
2025-09-16 09:44 AAPL  call | FIRED break_and_retest C @09:43  [Took 237.50 calls on aapl for hod & continuation @]
2025-09-17 14:03 TSLA  call | seen but skipped_d (break_and_retest D) @14:05  [Took 430 CALLS SEPT 26 TSLA @everyone]
2025-09-18 10:08 PLTR  call | NOTHING detected  [TOOK 177.5 calls on PLTR for hod @everyone]
2025-09-23 09:48 PLTR  call | FIRED break_and_retest C @09:46  [Took 185 calls on PLTR looking for hod @everyone]
2025-09-26 09:56 AAPL  call | NOTHING detected  [TOOK 255 calls on AAPL looking for hod & previous ]
2025-09-29 09:42 NVDA  call | FIRED break_and_retest C @09:43  [TOOK 182.50 calls for NVDA @everyone]
2025-10-03 09:50 AAPL  call | FIRED break_and_retest A+ @09:51  [Took 260 calls on AAPL @everyone]
2025-10-03 10:07 AAPL  call | FIRED break_and_retest C @10:06  [Took AAPL 260 calls for hod again @everyone]
2025-10-10 10:05 NVDA  call | seen but skipped_d (break_and_retest D) @10:02  [Took NVDA 195 calls for hod @everyone]
2025-10-16 09:56 AMD   call | NOTHING detected  [TOOK AMD 240 calls for hod @everyone]
2025-10-16 10:15 TSLA  call | seen but skipped_d (break_and_retest D) @10:16  [TOOK 437.50 calls on TSLA for hod @everyone]
2025-10-17 09:51 TSLA  call | FIRED break_and_retest C @09:48  [TOOK TSLA 430 calls @everyone]
2025-10-22 09:50 GOOGL call | FIRED break_and_retest C @09:50  [TOOK 255 CALLS GOOGL FOR HOD @everyone]
2025-10-24 09:46 NVDA  call | seen but skipped_d (break_and_retest D) @09:43  [TOOK 187.5 calls on NVDA FOR HOD @everyone]
2025-10-24 10:08 AMD   call | NOTHING detected  [TOOK AMD 252.5 calls for hod @everyone]
2025-10-29 09:44 NVDA  call | NOTHING detected  [TOOK 210 calls on NVDA for hod @everyone]
2025-10-29 09:46 AMD   call | FIRED break_and_retest C @09:45  [ALSO AMD 267.5 calls reclaim for hod from PDH setu]
2025-10-31 09:41 TSLA  call | seen but skipped_d (break_and_retest D) @09:40  [TOOK 450 calls on TSLA for hod @everyone]
2025-10-31 09:59 TSLA  call | seen but skipped_d (break_and_retest D) @09:59  [TOOK TSLA 450 calls for hod @everyone]
2025-11-05 10:49 AMD   call | NOTHING detected  [TOOK 250 calls AMD @everyone]
2025-11-07 10:46 TSLA  put  | NOTHING detected  [TOOK TSLA 425 puts for lod @everyone]
2025-11-12 10:58 AAPL  put  | NOTHING detected  [TOOK AAPL 270 PUTS FOR LOD @everyone]
2025-11-14 10:45 TSLA  call | FIRED break_and_retest C @10:43  [TOOK TSLA 395 calls for hod @everyone]
2025-11-19 11:13 TSLA  call | seen but skipped_d (break_and_retest D) @11:16  [TOOK TSLA 412.5 calls for hod @everyone]
2025-12-03 10:38 AAPL  call | NOTHING detected  [TOOK AAPL 287.50 calls for HOD @everyone]
2025-12-05 10:36 TSLA  call | FIRED break_and_retest C @10:38  [TOOK TSLA 455 calls for hod @everyone]
2025-12-08 10:39 NVDA  call | NOTHING detected  [Took NVDA 185 calls for hod @everyone]
2025-12-12 10:42 TSLA  call | FIRED break_and_retest C @10:43  [TOOK TSLA 457.50 calls for hod @everyone]
2025-12-24 10:51 SPY   call | NOTHING detected  [Took 689 calls on spy for hod @everyone]
2025-12-24 10:59 SPY   call | NOTHING detected  [Other than that, IΓÇÖm done for the day, today is a ]
2025-12-26 10:38 NVDA  call | NOTHING detected  [Took 192.50 calls on NVDA for hod @everyone]
2025-12-31 10:35 NVDA  call | NOTHING detected  [Took NVDA 190 calls for hod @everyone]
2026-01-07 10:46 AMZN  call | seen but skipped_d (break_and_retest D) @10:45  [AMZN TOOK 245 calls for hod @everyone]
2026-01-13 10:35 GOOGL call | NOTHING detected  [TOOK 340 calls on GOOGL @everyone for HOD]
2026-01-16 10:46 NVDA  call | NOTHING detected  [TOOK 190 calls on NVDA too @everyone for hod]
2026-02-06 10:51 AMD   call | NOTHING detected  [AMD TOOK 205 calls @everyone]
2026-02-13 10:37 NVDA  put  | NOTHING detected  [Took 190 puts on NVDA for next Friday cons @everyo]
2026-03-03 10:48 TSLA  put  | NOTHING detected  [Took 390 TSLA PUTS @everyone]
2026-03-06 10:47 TSLA  put  | NOTHING detected  [I took the 395 puts on TSLA for LOD & continuation]
2026-03-09 09:38 AMD   put  | seen but skipped_d (break_and_retest D) @09:39  [AMD TOOK 190 puts looking for LOD @everyone]
2026-03-12 09:34 PLTR  call | NOTHING detected  [Took the 155 calls on PLTR @everyone]
2026-03-12 09:53 SPY   put  | FIRED break_and_retest C @09:55  [TOOK 670 PUTS ON SPY @everyone]
2026-03-27 09:40 TSLA  put  | NOTHING detected  [TOOK TSLA 362.50 puts @everyone]
2026-03-27 09:52 TSLA  put  | FIRED break_and_retest C @09:52  [TOOK TSLA 362.50 puts @everyone looking for LOD]
2026-04-10 09:38 NVDA  call | NOTHING detected  [TOOK NVDA 185 CALLS @everyone]
2026-04-17 09:37 NVDA  call | FIRED break_and_retest C @09:39  [TOOK NVDA 202.59 calls for hod @everyone]
2026-04-24 09:39 NVDA  call | FIRED break_and_retest C @09:38  [Took NVDA 202.5 calls for HOD @everyone]
2026-05-01 09:40 PLTR  call | seen but skipped_d (break_and_retest D) @09:41  [Took the 145 calls for PLTR personally for hod @ev]
2026-05-08 09:45 INTC  call | FIRED break_and_retest A+ @09:45  [I personally took 115 calls for hod on INTC here @]
2026-05-08 09:52 TSLA  call | NOTHING detected  [Took TSLA 425 calls for hod & continuation @everyo]
2026-05-15 09:38 TSLA  put  | FIRED break_and_retest C @09:38  [TOOK TSLA 430 PUTS @everyone with PDL retest]
2026-06-05 09:37 AAPL  call | seen but skipped_d (break_and_retest D) @09:36  [TOOK AAPL 315 calls for HOD @everyone]
2026-06-12 09:36 TSLA  call | FIRED break_and_retest C @09:36  [TOOK THE 405 CALLS TSLA @everyone]
2026-06-12 09:47 AMD   call | FIRED break_and_retest C @09:46  [Took 510 calls on AMD @everyone]
2026-06-12 09:49 INTC  call | FIRED break_and_retest C @09:47  [Took 120 calls intc @everyone]

SUMMARY: {'NOTHING': 60, 'FIRED': 38, 'skip:skipped_d': 22, 'skip:skipped_tight_stop': 5}
