fetching TSLA...
fetching NVDA...
fetching AAPL...
fetching AMD...
fetching META...
fetching GOOGL...
fetching AMZN...
fetching MSFT...
fetching PLTR...
fetching SPY...
fetching QQQ...
fetching SOFI...
fetching ORCL...
fetching COIN...
fetching HOOD...
fetching IREN...
fetching INTC...
fetching SMCI...
1119 signals, 260 chart records
  * A+/A win rate 41% vs B/C 37% -> KEEP grading
  * D-grade filter: filtered signals would have won 28% -> filter justified (<50%)
  * 84% rule (Lesson 6 canonical 2026-07-06: solid B&R stop-out arms one re-entry on the reclaim close, ORIGINAL stop + target): 30 triggers, fired win rate 21%.
  * 84% live wiring: armed per-symbol off paper stop-outs in live_scanner (2026-07-05). Requires --paper mode; signal-only runs have no stop-out feedback.
  * Best setup: break_and_retest (40%) | worst: reentry_84_rule (21%)
  * C-grade alerts (97, alert-only per SPEC2) would have won 35% - similar to traded grades; alert-only demotion costs little.
