63 lessons to transcribe
whisper: small on CUDA
[1/63] mastermind-5-0: Lesson 1- My Journey + Introduction to Options/ Key Terms &  (02:58:24)
    -> mastermind-5-0_lesson-1-my-journey-introduction-to-options-key-terms-my-tra_transcript.txt (186k chars)
[2/63] mastermind-5-0: Lesson 2- My Bread & Butter Strategy/ How To Draw Key Levels (01:44:40)
    -> mastermind-5-0_lesson-2-my-bread-butter-strategy-how-to-draw-key-levels_transcript.txt (109k chars)
[3/63] mastermind-5-0: Lesson 3- How To Read Trend Structure/ How To Use Indexes (M (01:14:28)
    -> mastermind-5-0_lesson-3-how-to-read-trend-structure-how-to-use-indexes-mast_transcript.txt (77k chars)
[4/63] mastermind-5-0: Lesson 4- How To Create A Winning Day Trading System + How T (01:58:47)
    -> mastermind-5-0_lesson-4-how-to-create-a-winning-day-trading-system-how-to-h_transcript.txt (151k chars)
[5/63] mastermind-5-0: Lesson 5- How To Grow A Trading Account + How To Spot & Trad (01:48:06)
    -> mastermind-5-0_lesson-5-how-to-grow-a-trading-account-how-to-spot-trade-rel_transcript.txt (137k chars)
[6/63] mastermind-5-0: Lesson 6- Risk Management + What To Focus on As A New Trader (01:20:56)
    -> mastermind-5-0_lesson-6-risk-management-what-to-focus-on-as-a-new-trader_transcript.txt (101k chars)
[7/63] mastermind-5-0: Lesson 7- How To Play The Open + Multi Time Frame Analysis (58:44)
    -> mastermind-5-0_lesson-7-how-to-play-the-open-multi-time-frame-analysis_transcript.txt (77k chars)
[8/63] mastermind-5-0: Lesson 8- A+ Setups + How To Create Discipline (01:31:42)
    -> mastermind-5-0_lesson-8-a-setups-how-to-create-discipline_transcript.txt (112k chars)
[9/63] tony-s-q-a: Traders Lab Opening Session (01:26:48)
    -> tony-s-q-a_traders-lab-opening-session_transcript.txt (113k chars)
[10/63] tony-s-q-a: Scarface Trades - Q&A (01:54:20)
    -> tony-s-q-a_scarface-trades-q-a_transcript.txt (138k chars)
[11/63] tony-s-q-a: Scarface Trades- Timeframe Lesson (01:41:52)
    -> tony-s-q-a_scarface-trades-timeframe-lesson_transcript.txt (121k chars)
[12/63] tony-s-q-a: Scarface Trades - Swing Outlook (01:25:16)
    -> tony-s-q-a_scarface-trades-swing-outlook_transcript.txt (100k chars)
[13/63] tony-s-q-a: Scarface Trades - Q&A (01:23:24)
    -> tony-s-q-a_scarface-trades-q-a_transcript.txt (90k chars)
[14/63] tony-s-q-a: Scarface Trades Q&A - Part 1 (40:56)
    -> tony-s-q-a_scarface-trades-q-a-part-1_transcript.txt (47k chars)
[15/63] tony-s-q-a: Scarface Trades Q&A - Part 2 (22:12)
    -> tony-s-q-a_scarface-trades-q-a-part-2_transcript.txt (25k chars)
[16/63] tony-s-q-a: Scarface Trades - Market Outlook (01:45:04)
    -> tony-s-q-a_scarface-trades-market-outlook_transcript.txt (123k chars)
[17/63] tony-s-q-a: Scarface Trades - Potential Setups (01:29:16)
    -> tony-s-q-a_scarface-trades-potential-setups_transcript.txt (106k chars)
[18/63] tony-s-q-a: Scarface Trades - Implementing Systems / Market Outlook (01:18:24)
    -> tony-s-q-a_scarface-trades-implementing-systems-market-outlook_transcript.txt (87k chars)
[19/63] tony-s-q-a: Scarface Trade - (A+ Trade Feedback) (01:23:12)
    -> tony-s-q-a_scarface-trade-a-trade-feedback_transcript.txt (99k chars)
[20/63] tony-s-q-a: Scarface Trades - Confidence/Entries  (01:20:36)
    -> tony-s-q-a_scarface-trades-confidence-entries_transcript.txt (91k chars)
[21/63] tony-s-q-a: Scarface Trades - Long Term Outlook (01:10:24)
    -> tony-s-q-a_scarface-trades-long-term-outlook_transcript.txt (83k chars)
[22/63] tony-s-q-a: Scarface Trades - Q&A With Jdub (01:20:28)
    -> tony-s-q-a_scarface-trades-q-a-with-jdub_transcript.txt (96k chars)
[23/63] tony-s-q-a: Scarface Trades - Orderblocks (57:56)
    -> tony-s-q-a_scarface-trades-orderblocks_transcript.txt (62k chars)
[24/63] tony-s-q-a: Scarface Trades - 84% Rule (52:28)
    -> tony-s-q-a_scarface-trades-84-rule_transcript.txt (58k chars)
[25/63] tony-s-q-a: Scarface Trades - A+ Setups Review (01:28:20)
    -> tony-s-q-a_scarface-trades-a-setups-review_transcript.txt (97k chars)
[26/63] tony-s-q-a: Scarface Trades - Setups In Different Markets (01:07:12)
    -> tony-s-q-a_scarface-trades-setups-in-different-markets_transcript.txt (79k chars)
[27/63] tony-s-q-a: Scarface Trades - Market Conditions (01:14:00)
    -> tony-s-q-a_scarface-trades-market-conditions_transcript.txt (83k chars)
[28/63] tony-s-q-a: Scarface Trades - Q&A (01:10:12)
    -> tony-s-q-a_scarface-trades-q-a_transcript.txt (75k chars)
[29/63] the-accelerator-course: Introduction To Accelerator (26:33)
    -> the-accelerator-course_introduction-to-accelerator_transcript.txt (35k chars)
[30/63] the-accelerator-course: How To Use The Discord (25:57)
    -> the-accelerator-course_how-to-use-the-discord_transcript.txt (34k chars)
[31/63] the-accelerator-course: Stocks (26:01)
    -> the-accelerator-course_stocks_transcript.txt (35k chars)
[32/63] the-accelerator-course: Trading Terminology (19:44)
    -> the-accelerator-course_trading-terminology_transcript.txt (25k chars)
[33/63] the-accelerator-course: Types of Traders (21:16)
    -> the-accelerator-course_types-of-traders_transcript.txt (26k chars)
[34/63] the-accelerator-course: Fundamentals of the Market (24:56)
    -> the-accelerator-course_fundamentals-of-the-market_transcript.txt (30k chars)
[35/63] the-accelerator-course: Different Brokers & Their Purposes (24:50)
    -> the-accelerator-course_different-brokers-their-purposes_transcript.txt (32k chars)
[36/63] the-accelerator-course: Setup Interactive Brokers (35:38)
    -> the-accelerator-course_setup-interactive-brokers_transcript.txt (14k chars)
[37/63] the-accelerator-course: IBKR TWS Live Example (11:05)
    -> the-accelerator-course_ibkr-tws-live-example_transcript.txt (10k chars)
[38/63] the-accelerator-course: Setup Tradingview (26:25)
    -> the-accelerator-course_setup-tradingview_transcript.txt (19k chars)
[39/63] the-accelerator-course: Chart Types & Timeframe Analysis (21:35)
    -> the-accelerator-course_chart-types-timeframe-analysis_transcript.txt (26k chars)
[40/63] the-accelerator-course: Anatomy of Candlesticks (22:15)
    -> the-accelerator-course_anatomy-of-candlesticks_transcript.txt (30k chars)
[41/63] the-accelerator-course: Support & Resistance, Key Levels & Market Trends (43:39)
    -> the-accelerator-course_support-resistance-key-levels-market-trends_transcript.txt (47k chars)
[42/63] the-accelerator-course: Liquidity (22:25)
    -> the-accelerator-course_liquidity_transcript.txt (30k chars)
[43/63] the-accelerator-course: Chart Patterns (13:32)
    -> the-accelerator-course_chart-patterns_transcript.txt (17k chars)
[44/63] the-accelerator-course: Indicators (14:00)
    -> the-accelerator-course_indicators_transcript.txt (16k chars)
[45/63] the-accelerator-course: What Are Options (28:59)
    -> the-accelerator-course_what-are-options_transcript.txt (36k chars)
[46/63] the-accelerator-course: What Are Futures (42:33)
    -> the-accelerator-course_what-are-futures_transcript.txt (55k chars)
[47/63] the-accelerator-course: How To Draw Key Levels  (20:53)
    -> the-accelerator-course_how-to-draw-key-levels_transcript.txt (16k chars)
[48/63] the-accelerator-course: Level System/ Strategy (43:40)
    -> the-accelerator-course_level-system-strategy_transcript.txt (35k chars)
[49/63] the-accelerator-course: Sizing & Scaling Trades (31:40)
    -> the-accelerator-course_sizing-scaling-trades_transcript.txt (41k chars)
[50/63] the-accelerator-course: Trade Management & Scaling (01:04:22)
    -> the-accelerator-course_trade-management-scaling_transcript.txt (84k chars)
[51/63] the-accelerator-course: Trading Setups (38:33)
    -> the-accelerator-course_trading-setups_transcript.txt (56k chars)
[52/63] the-accelerator-course: How To Create A Profitable Playbook (26:41)
    -> the-accelerator-course_how-to-create-a-profitable-playbook_transcript.txt (36k chars)
[53/63] the-accelerator-course: How To Backtest Trades (16:40)
11 lessons to transcribe
whisper: small on CUDA
[1/11] the-accelerator-course: How To Backtest Trades (16:40)
    -> the-accelerator-course_how-to-backtest-trades_transcript.txt (21k chars)
[2/11] the-accelerator-course: How To Journal Your Key Statistics (48:23)
    -> the-accelerator-course_how-to-journal-your-key-statistics_transcript.txt (26k chars)
[3/11] the-accelerator-course: Importance of Psychology (21:03)
    -> the-accelerator-course_importance-of-psychology_transcript.txt (29k chars)
[4/11] the-accelerator-course: Why 90% of Traders Fail (38:15)
    -> the-accelerator-course_why-90-of-traders-fail_transcript.txt (44k chars)
[5/11] the-accelerator-course: Trading = Business (20:05)
    -> the-accelerator-course_trading-business_transcript.txt (23k chars)
[6/11] the-accelerator-course: How To Win At Losing (17:10)
    -> the-accelerator-course_how-to-win-at-losing_transcript.txt (20k chars)
[7/11] the-accelerator-course: Positive Reinforcement (22:52)
    -> the-accelerator-course_positive-reinforcement_transcript.txt (31k chars)
[8/11] the-accelerator-course: Ending To A New Beginning. (28:35)
    -> the-accelerator-course_ending-to-a-new-beginning_transcript.txt (38k chars)
[9/11] bonus: How To Swing Trade + Q&A (42:51)
    -> bonus_how-to-swing-trade-q-a_transcript.txt (53k chars)
[10/11] bonus: How To Read Trend Structure/ How To Use Indexes (01:14:28)
    -> bonus_how-to-read-trend-structure-how-to-use-indexes_transcript.txt (77k chars)
[11/11] bonus: My Bread & Butter Strategy/ How To Draw Key Levels (01:41:48)
    -> bonus_my-bread-butter-strategy-how-to-draw-key-levels_transcript.txt (131k chars)
Done.
509 playlist videos to whisper
whisper: small on CUDA
[1/509] trade-reviews: January 11th Weekly Recap (9sk9oJ11LfI)
    -> 9sk9oJ11LfI_transcript.txt (105k chars)
[2/509] trade-reviews: January 18th Weekly Recap (JmOyREca-bM)
    -> JmOyREca-bM_transcript.txt (90k chars)
[3/509] trade-reviews: Weekly Trading Recap February 1st (rVY1SCtG3J0)
    SKIP: audio fetch failed: om/yt-dlp/yt-dlp/wiki/EJS  for details on installing one
ERROR: unable to download video data: HTTP Error 403: Forbidden
[4/509] trade-reviews: February 8th Weekly Recap (7kajZjCStT8)
    -> 7kajZjCStT8_transcript.txt (118k chars)
[5/509] trade-reviews: February 15th Weekly Recap (DUHq2dJePIM)
    -> DUHq2dJePIM_transcript.txt (106k chars)
[6/509] trade-reviews: February 22nd Weekly Recap (pcLXG7B0XTU)
    -> pcLXG7B0XTU_transcript.txt (121k chars)
[7/509] trade-reviews: March 1st Weekly Recap (ob__lOXP0QM)
    -> ob__lOXP0QM_transcript.txt (142k chars)
[8/509] trade-reviews: March 8th Weekly Recap (2EQzpgwslBw)
    -> 2EQzpgwslBw_transcript.txt (133k chars)
[9/509] trade-reviews: March 15th Weekly Recap (rwz98YJC62g)
    -> rwz98YJC62g_transcript.txt (158k chars)
[10/509] trade-reviews: March 22nd Weekly Recap (V3Pc9Vexfxs)
    -> V3Pc9Vexfxs_transcript.txt (108k chars)
[11/509] trade-reviews: March 29th Weekly Recap (T1ASztwyFcg)
500 playlist videos to whisper
whisper: small on CUDA
[1/500] trade-reviews: Weekly Trading Recap February 1st (rVY1SCtG3J0)
    -> rVY1SCtG3J0_transcript.txt (128k chars)
[2/500] trade-reviews: March 29th Weekly Recap (T1ASztwyFcg)
    -> T1ASztwyFcg_transcript.txt (107k chars)
[3/500] trade-reviews: April 5th Weekly Recap (TKSS_xe0tqc)
    -> TKSS_xe0tqc_transcript.txt (129k chars)
[4/500] trade-reviews: April 12th Weekly Recap (VWWmFQYbJ7c)
    -> VWWmFQYbJ7c_transcript.txt (100k chars)
[5/500] trade-reviews: April 18th Q&A Session (qjItmSl400E)
    -> qjItmSl400E_transcript.txt (102k chars)
[6/500] trade-reviews: May 3rd Weekly Recap (swzsEfX4utg)
    -> swzsEfX4utg_transcript.txt (77k chars)
[7/500] trade-reviews: May 10th Weekly Recap (JB61SBv4Syw)
    -> JB61SBv4Syw_transcript.txt (88k chars)
[8/500] trade-reviews: May 17th Weekly Recap (Ir1iKYmgXm4)
    -> Ir1iKYmgXm4_transcript.txt (104k chars)
[9/500] trade-reviews: May 24th Weekly Recap (Bx1QOVEbObg)
    -> Bx1QOVEbObg_transcript.txt (127k chars)
[10/500] trade-reviews: June 7th Weekly Recap (wl75XHzyqCU)
    -> wl75XHzyqCU_transcript.txt (93k chars)
[11/500] trade-reviews: June 14th Weekly Recap (MT5WOn4O0cw)
    -> MT5WOn4O0cw_transcript.txt (107k chars)
[12/500] trade-reviews: June 21st Weekly Recap (wPeMuMoiit4)
    -> wPeMuMoiit4_transcript.txt (59k chars)
[13/500] trade-reviews: June 28th Weekly Recap (tU9oxW2WysA)
    -> tU9oxW2WysA_transcript.txt (102k chars)
[14/500] trade-reviews: July 5th Weekly Recap (_QNeb-S9xv0)
    SKIP: audio fetch failed: om/yt-dlp/yt-dlp/wiki/EJS  for details on installing one
ERROR: unable to download video data: HTTP Error 403: Forbidden
[15/500] trade-reviews: July 12th Weekly Recap (kKGFZtwt1Hc)
    -> kKGFZtwt1Hc_transcript.txt (108k chars)
[16/500] trade-reviews: July 19th Weekly Recap (isaObJZsgKU)
    -> isaObJZsgKU_transcript.txt (109k chars)
[17/500] trade-reviews: Weekly Trading Recap August 2nd (xJ521HB06gg)
    -> xJ521HB06gg_transcript.txt (86k chars)
[18/500] trade-reviews: Weekly Trading Recap August 2nd (xJ521HB06gg)
    -> xJ521HB06gg_transcript.txt (86k chars)
[19/500] trade-reviews: August 9th Weekly Recap (Id8pGsmtO3g)
    -> Id8pGsmtO3g_transcript.txt (77k chars)
[20/500] trade-reviews: August 9th Weekly Recap (Id8pGsmtO3g)
    -> Id8pGsmtO3g_transcript.txt (77k chars)
[21/500] trade-reviews: August 16th Weekly Recap (AjdBNs8qY7c)
    -> AjdBNs8qY7c_transcript.txt (91k chars)
[22/500] trade-reviews: August 16th Weekly Recap (AjdBNs8qY7c)
    SKIP: audio fetch failed: om/yt-dlp/yt-dlp/wiki/EJS  for details on installing one
ERROR: unable to download video data: HTTP Error 403: Forbidden
[23/500] trade-reviews: Weekly Trade Recap January 8th-12th (XMzKP82Hg_I)
    -> XMzKP82Hg_I_transcript.txt (17k chars)
[24/500] trade-reviews: Weekly Trade Review January 15th-19th (EZcFeFHcldA)
    -> EZcFeFHcldA_transcript.txt (25k chars)
[25/500] trade-reviews: Weekly Trade Recap January 22nd-26th (WV1WsVPahQQ)
    -> WV1WsVPahQQ_transcript.txt (26k chars)
[26/500] trade-reviews: Weekly Trade Review January 29th- February 2nd (0mUVcHm9WXs)
    SKIP: audio fetch failed: om/yt-dlp/yt-dlp/wiki/EJS  for details on installing one
ERROR: unable to download video data: HTTP Error 403: Forbidden
[27/500] trade-reviews: Weekly Trade Recap February 5th-9th (1C77vkVioa0)
    SKIP: audio fetch failed: om/yt-dlp/yt-dlp/wiki/EJS  for details on installing one
ERROR: unable to download video data: HTTP Error 403: Forbidden
[28/500] trade-reviews: Weekly Recap February 17th (Mastermind 3) (N2XK-q0oa8I)
    -> N2XK-q0oa8I_transcript.txt (115k chars)
[29/500] trade-reviews: Weekly Trade Recap February 24th (xU5oQWfvczQ)
    -> xU5oQWfvczQ_transcript.txt (108k chars)
[30/500] trade-reviews: Weekly Trade Recap (March 2nd) (6o0XFgLEHp8)
    -> 6o0XFgLEHp8_transcript.txt (144k chars)
[31/500] trade-reviews: Weekly Trade Recap (March 2nd) (6o0XFgLEHp8)
    -> 6o0XFgLEHp8_transcript.txt (144k chars)
[32/500] trade-reviews: Weekly Trade Recap April 13th (Draw on Liquidity) (4l9AW30-i1o)
    -> 4l9AW30-i1o_transcript.txt (143k chars)
[33/500] trade-reviews: Weekly Trading Recap May 4th (Month Breakdown) (sH9wS-nKbkc)
    -> sH9wS-nKbkc_transcript.txt (93k chars)
[34/500] trade-reviews: Weekly Trade Recap May 17th (b6IBPdLlLZE)
    -> b6IBPdLlLZE_transcript.txt (37k chars)
[35/500] trade-reviews: Weekly Live Session May 25th (Answering Questions) (tr7IdqVgdIg)
    -> tr7IdqVgdIg_transcript.txt (127k chars)
[36/500] trade-reviews: Weekly Trade Recap June 8th (Draw On Liquidity) (N3VNvszdrM8)
    -> N3VNvszdrM8_transcript.txt (128k chars)
[37/500] trade-reviews: Weekly Trade Recap June 15th (Opening Plays) (IsdMcSnR-rI)
    -> IsdMcSnR-rI_transcript.txt (132k chars)
[38/500] trade-reviews: Weekly Trade Recap June 22 (Orderblocks) (yk0ar-wDMXU)
    -> yk0ar-wDMXU_transcript.txt (114k chars)
[39/500] trade-reviews: Weekly Trade Recap June 22nd (I2uI9Rkbqt0)
    -> I2uI9Rkbqt0_transcript.txt (39k chars)
[40/500] trade-reviews: June 29th Weekly Trade Recap (Mastermind) (6ChwEX15uYI)
    -> 6ChwEX15uYI_transcript.txt (149k chars)
[41/500] trade-reviews: Weekly Trading Recap July 6th (D2PX0ncaQHU)
    -> D2PX0ncaQHU_transcript.txt (151k chars)
[42/500] trade-reviews: Weekly Trade Recap July 13th (SO38Y2XyLzU)
    -> SO38Y2XyLzU_transcript.txt (159k chars)
[43/500] trade-reviews: July 20th Weekly Trading Recap (92E4rnrCewE)
    -> 92E4rnrCewE_transcript.txt (177k chars)
[44/500] trade-reviews: Weekly Trading Recap July 22nd-26th (tbzktgx46ao)
    -> tbzktgx46ao_transcript.txt (37k chars)
[45/500] trade-reviews: Weekly Trading Recap August 3rd (s6z3gy5Uh6c)
    -> s6z3gy5Uh6c_transcript.txt (180k chars)
[46/500] trade-reviews: Weekly Trading Recap August 10th (ei1GJI_1IbE)
    -> ei1GJI_1IbE_transcript.txt (155k chars)
[47/500] trade-reviews: Weekly Trading Recap August 17th (QuoPwliYfC4)
    SKIP: audio fetch failed: om/yt-dlp/yt-dlp/wiki/EJS  for details on installing one
ERROR: unable to download video data: HTTP Error 403: Forbidden
[48/500] trade-reviews: Weekly Trading Recap August 24th (ZFPnTRx_gQI)
    -> ZFPnTRx_gQI_transcript.txt (151k chars)
[49/500] trade-reviews: Weekly Trading Recap August 31st (3zSlAPV3eiU)
    -> 3zSlAPV3eiU_transcript.txt (37k chars)
[50/500] trade-reviews: September 14th Weekly Live Session (PBGB2UXaTVQ)
    -> PBGB2UXaTVQ_transcript.txt (193k chars)
[51/500] trade-reviews: 0921 Weekly Session Order Blocks (7l8yqcapJ2c)
    -> 7l8yqcapJ2c_transcript.txt (161k chars)
[52/500] trade-reviews: Weekly Trading Recap October 5th Q&A (Q0XC_SuWA4o)
    -> Q0XC_SuWA4o_transcript.txt (150k chars)
[53/500] trade-reviews: October 19th Weekly Trading Recap (FF4SsAn19go)
    -> FF4SsAn19go_transcript.txt (119k chars)
[54/500] trade-reviews: October 26th Weekly Recap (mit6szJg9Xs)
451 playlist videos to whisper
whisper: small on CUDA
[1/451] trade-reviews: July 5th Weekly Recap (_QNeb-S9xv0)
    -> _QNeb-S9xv0_transcript.txt (95k chars)
[2/451] trade-reviews: Weekly Trade Review January 29th- February 2nd (0mUVcHm9WXs)
    -> 0mUVcHm9WXs_transcript.txt (23k chars)
[3/451] trade-reviews: Weekly Trade Recap February 5th-9th (1C77vkVioa0)
    -> 1C77vkVioa0_transcript.txt (67k chars)
[4/451] trade-reviews: Weekly Trading Recap August 17th (QuoPwliYfC4)
    -> QuoPwliYfC4_transcript.txt (25k chars)
[5/451] trade-reviews: October 26th Weekly Recap (mit6szJg9Xs)
    -> mit6szJg9Xs_transcript.txt (159k chars)
[6/451] trade-reviews: Weekly Trading Recap November 2nd (H_FHTQGVwiw)
    -> H_FHTQGVwiw_transcript.txt (77k chars)
[7/451] trade-reviews: Weekly Trading Recap November 9th (Ng5MJTUFldg)
    -> Ng5MJTUFldg_transcript.txt (173k chars)
[8/451] trade-reviews: November 23rd Weekly Recap (lOKLMktXgY8)
    -> lOKLMktXgY8_transcript.txt (137k chars)
[9/451] trade-reviews: Weekly Trading Recap November 30th (MU2FECBI6jQ)
    -> MU2FECBI6jQ_transcript.txt (44k chars)
[10/451] trade-reviews: December 14th Weekly Session (1S50NNAGTs0)
    -> 1S50NNAGTs0_transcript.txt (162k chars)
[11/451] trade-reviews: February 4th Trade Review ($4k NVDA) (K-Y2b9IEbXQ)
    -> K-Y2b9IEbXQ_transcript.txt (7k chars)
[12/451] trade-reviews: February 5th Trade Review ($6k NVDA) (Y3hc79PvDxI)
    -> Y3hc79PvDxI_transcript.txt (7k chars)
[13/451] trade-reviews: February 1-7 Trade Review For Week (qsEvoLppZig)
    -> qsEvoLppZig_transcript.txt (9k chars)
[14/451] trade-reviews: February 10th Trade Review (-$8,000 TSLA + NVDA) (8Oo_5LydiDQ)
    -> 8Oo_5LydiDQ_transcript.txt (9k chars)
[15/451] trade-reviews: February 11th Trade Review ($15k AAPL) (I2vQTAj7NPA)
    -> I2vQTAj7NPA_transcript.txt (7k chars)
[16/451] trade-reviews: February 12th Trade Review ($3.7k TSLA) (7_RtCugLJfs)
    -> 7_RtCugLJfs_transcript.txt (6k chars)
[17/451] trade-reviews: February 14th Trade Review ($10.3k AAPL) (nxY9GrkEE5A)
    -> nxY9GrkEE5A_transcript.txt (6k chars)
[18/451] trade-reviews: February 19th Trade Review ($16k TSLA) (RU8zDdT53Ag)
    -> RU8zDdT53Ag_transcript.txt (6k chars)
[19/451] trade-reviews: February 20th Trade Review (-$2.8k AAPL) (7LLd6oK8Z4Y)
    -> 7LLd6oK8Z4Y_transcript.txt (6k chars)
[20/451] trade-reviews: February 25th Trade Review (-1.8k AAPL) (bMVp6npdFN8)
    -> bMVp6npdFN8_transcript.txt (5k chars)
[21/451] trade-reviews: March 4th Trade Review ($20k TSLA) (fAoJxffhWVc)
    -> fAoJxffhWVc_transcript.txt (5k chars)
[22/451] trade-reviews: March 6th Trade Review (-$4.6k TSLA) (S7aerujfxtk)
    -> S7aerujfxtk_transcript.txt (7k chars)
[23/451] trade-reviews: March 7th Trade Review ($2.2k AAPL) (_qe5pNH9eEY)
    -> _qe5pNH9eEY_transcript.txt (4k chars)
[24/451] trade-reviews: March 10th Trade ($22k TSLA) (p2CLn2yjfpI)
    -> p2CLn2yjfpI_transcript.txt (10k chars)
[25/451] trade-reviews: March 12th Trade Review ($3.9k TSLA) (4Amt_V1wnAE)
    -> 4Amt_V1wnAE_transcript.txt (7k chars)
[26/451] trade-reviews: March 13th Trade Review ($11.8k TSLA) (xhD_SRbyMNE)
    -> xhD_SRbyMNE_transcript.txt (5k chars)
[27/451] trade-reviews: March 14th Trade Review ($450 NVDA) (lJwLmX7kB3g)
    -> lJwLmX7kB3g_transcript.txt (5k chars)
[28/451] trade-reviews: March 17th Trade Review ($1.1k NVDA + AMD) (0QyuYNDoKpY)
    -> 0QyuYNDoKpY_transcript.txt (11k chars)
[29/451] trade-reviews: March 18th Trade Review ($2.6k TSLA) (8_2g0essJN4)
    -> 8_2g0essJN4_transcript.txt (8k chars)
[30/451] trade-reviews: March 21 Trade Review ($10k TSLA) (yZQckMBOtZw)
    -> yZQckMBOtZw_transcript.txt (6k chars)
[31/451] trade-reviews: March 24 & 25 Trade Review ($14k TSLA + AAPL) (Xc1P02mCPco)
    -> Xc1P02mCPco_transcript.txt (7k chars)
[32/451] trade-reviews: March 26th Trade Review ($7.5k NVDA) (QziMXDCoomw)
    -> QziMXDCoomw_transcript.txt (7k chars)
[33/451] trade-reviews: March 27 Trade Review ($3k TSLA) (AKTOq72_28s)
    -> AKTOq72_28s_transcript.txt (6k chars)
[34/451] trade-reviews: March 28th Trade Review ($5.7k TSLA) (bLS_VwNP_WU)
    -> bLS_VwNP_WU_transcript.txt (8k chars)
[35/451] trade-reviews: March 31st Trade Review (1.6k NVDA) (B9uniOihM2M)
    SKIP: audio fetch failed: om/yt-dlp/yt-dlp/wiki/EJS  for details on installing one
ERROR: unable to download video data: HTTP Error 403: Forbidden
[36/451] trade-reviews: April 4th Trade Review (_Eq6a6LSl9A)
    -> _Eq6a6LSl9A_transcript.txt (19k chars)
[37/451] trade-reviews: April 5th Trade Review (G-vUWzxVtb8)
    -> G-vUWzxVtb8_transcript.txt (7k chars)
[38/451] trade-reviews: April 8th Trade Review ($4k AMD & TSLA) (iwgAOnAuN7A)
    SKIP: audio fetch failed: om/yt-dlp/yt-dlp/wiki/EJS  for details on installing one
ERROR: unable to download video data: HTTP Error 403: Forbidden
[39/451] trade-reviews: April 9th Trade Review ($7k TSLA) (7nXFvzcoEuE)
    -> 7nXFvzcoEuE_transcript.txt (10k chars)
[40/451] trade-reviews: April 11th Trade Review (-$1100 NVDA) (adk8ywqcQww)
    -> adk8ywqcQww_transcript.txt (8k chars)
[41/451] trade-reviews: April 16th Trade Review ($500 meta) (UkhDtUIA1gc)
    -> UkhDtUIA1gc_transcript.txt (9k chars)
[42/451] trade-reviews: April 17th Trade Review $5k Meta (JVnwuqK0UHo)
    -> JVnwuqK0UHo_transcript.txt (5k chars)
[43/451] trade-reviews: April 18th Trade Review ($2.3k AMD) (pdrqsVrNO-A)
    -> pdrqsVrNO-A_transcript.txt (7k chars)
[44/451] trade-reviews: April 22nd Trade Review ($22k NVDA) (Zt8c-5OcLGk)
    -> Zt8c-5OcLGk_transcript.txt (7k chars)
[45/451] trade-reviews: April 24th Trade Review ($9.8k NVDA) (Zvj9wsulyCM)
    SKIP: audio fetch failed: om/yt-dlp/yt-dlp/wiki/EJS  for details on installing one
ERROR: unable to download video data: HTTP Error 403: Forbidden
[46/451] trade-reviews: April 25th Trade Review ($9.8k NVDA) (2nWW5IPgroU)
    -> 2nWW5IPgroU_transcript.txt (4k chars)
[47/451] trade-reviews: April 29th Trade Review ($8k NVDA & AAPL) (aj7HXPbrI5Q)
    -> aj7HXPbrI5Q_transcript.txt (9k chars)
[48/451] trade-reviews: April 30th Trade Review (NVDA SWING $18k) (oIF2iRfSKxo)
    -> oIF2iRfSKxo_transcript.txt (9k chars)
[49/451] trade-reviews: May 2nd Trade Review ($90 AMZN) (QZxzbKperp4)
    -> QZxzbKperp4_transcript.txt (3k chars)
[50/451] trade-reviews: May 3rd Trade Review ($3k TSLA) (lvPYyI8AaSg)
    -> lvPYyI8AaSg_transcript.txt (4k chars)
[51/451] trade-reviews: May 8th Trade Review (NVDA $3k) (DYniybwOBAY)
    -> DYniybwOBAY_transcript.txt (6k chars)
[52/451] trade-reviews: May 10th Trade Review ($4k NVDA) (B_bBQHIxHtg)
    SKIP: audio fetch failed: om/yt-dlp/yt-dlp/wiki/EJS  for details on installing one
ERROR: unable to download video data: HTTP Error 403: Forbidden
[53/451] trade-reviews: May 13th Trade Review ($3k AAPL) (ZCB7VOtR-lU)
    -> ZCB7VOtR-lU_transcript.txt (5k chars)
[54/451] trade-reviews: May 15th Trade Review ($19k NVDA) (EguL6G2G-l4)
    -> EguL6G2G-l4_transcript.txt (6k chars)
[55/451] trade-reviews: May 17th Trade Review (-$4k AMD & AAPL) (IGkIF6IRsLc)
    -> IGkIF6IRsLc_transcript.txt (10k chars)
[56/451] trade-reviews: May 20th Trade Review (NQ Futures $4.5k) (1_FH-Cy6G20)
    -> 1_FH-Cy6G20_transcript.txt (6k chars)
[57/451] trade-reviews: May 21st Trade Review ($5.2K TSLA) (NFIrJj3VrgE)
    -> NFIrJj3VrgE_transcript.txt (8k chars)
[58/451] trade-reviews: May 23rd Trade Review ($3.7k NVDA) (TaAYbe8lt7E)
    -> TaAYbe8lt7E_transcript.txt (6k chars)
[59/451] trade-reviews: May 29th Trade Review ($300 AAPL) (eXbaSstEPK8)
    -> eXbaSstEPK8_transcript.txt (12k chars)
[60/451] trade-reviews: May 30th Trade Review (TSLA $17k) (0qxxsCC-8kI)
    -> 0qxxsCC-8kI_transcript.txt (9k chars)
[61/451] trade-reviews: June 3rd Trade Review ($2.8k TSLA) (64om7Rlf8TU)
    -> 64om7Rlf8TU_transcript.txt (3k chars)
[62/451] trade-reviews: June 5th Trade Review (-$2.9k TSLA) (n5a9PDnO83A)
    SKIP: audio fetch failed: om/yt-dlp/yt-dlp/wiki/EJS  for details on installing one
ERROR: unable to download video data: HTTP Error 403: Forbidden
[63/451] trade-reviews: June 7th Trade Review (AMD $900) (DJ0vXuQhUY8)
    -> DJ0vXuQhUY8_transcript.txt (5k chars)
[64/451] trade-reviews: June 10th Trade Review ($5.1K AMD) (G-6jDoH1EFw)
    -> G-6jDoH1EFw_transcript.txt (6k chars)
[65/451] trade-reviews: June 13th Trade Review ($60 AAPL) (uPLuEui0CxU)
    -> uPLuEui0CxU_transcript.txt (5k chars)
[66/451] trade-reviews: June 14th Trade Review ($1.2k TSLA) (_Em7Q3lyrDg)
    -> _Em7Q3lyrDg_transcript.txt (6k chars)
[67/451] trade-reviews: June 17th Trade Review ($11k TSLA A+ Trade) (HkxTwWnzzAY)
    -> HkxTwWnzzAY_transcript.txt (5k chars)
[68/451] trade-reviews: June 20th Trade Review ($6.7k AMD) (v_r4RENOo1A)
    -> v_r4RENOo1A_transcript.txt (6k chars)
[69/451] trade-reviews: June 24th Trade Review ($80 TSLA) (62w1GJXPjZA)
    -> 62w1GJXPjZA_transcript.txt (6k chars)
[70/451] trade-reviews: June 26th + 27th Trade Review ( $7k 2 TSLA, AAPL) (TquD3EV0EHw)
    -> TquD3EV0EHw_transcript.txt (8k chars)
[71/451] trade-reviews: June 28th Trade Review ($4.7k TSLA) (6eMkQt_XsHk)
    -> 6eMkQt_XsHk_transcript.txt (4k chars)
[72/451] trade-reviews: July 1st Trade Review ($10.3k TSLA) (ClQOGwOmOSk)
    -> ClQOGwOmOSk_transcript.txt (6k chars)
[73/451] trade-reviews: July 10th Trade Review ($2.4k TSLA) (DvvzpY5OwOU)
    -> DvvzpY5OwOU_transcript.txt (5k chars)
[74/451] trade-reviews: July 11th Trade Review ($2.2k TSLA) (Ya-CbcUDulc)
    -> Ya-CbcUDulc_transcript.txt (6k chars)
[75/451] trade-reviews: July 15th Trade Review ($10.9k TSLA) (pk3SxX47zeg)
    -> pk3SxX47zeg_transcript.txt (4k chars)
[76/451] trade-reviews: July 17th Trade Review ($1.7k AMD) (qf0etbv2Zos)
    -> qf0etbv2Zos_transcript.txt (7k chars)
[77/451] trade-reviews: July 19th Trade Review ($1.5k NVDA) (lI15h_OsYxc)
    -> lI15h_OsYxc_transcript.txt (10k chars)
[78/451] trade-reviews: July 22nd Trade Review (-$4.8k NVDA) (pNi3dkDNUbI)
    -> pNi3dkDNUbI_transcript.txt (8k chars)
[79/451] trade-reviews: July 23rd (-$1.6k NVDA) (guSdfcVIRck)
    -> guSdfcVIRck_transcript.txt (7k chars)
[80/451] trade-reviews: July 29th Trade Review ($2.4k) (umaeCwnvbJg)
    -> umaeCwnvbJg_transcript.txt (7k chars)
[81/451] trade-reviews: August 1st Trade Review (-$1.6k NVDA) (Q9rS8WNAmYc)
    -> Q9rS8WNAmYc_transcript.txt (13k chars)
[82/451] trade-reviews: August 7th Trade Review ($2k AAPL) (ffCNocEg9So)
    -> ffCNocEg9So_transcript.txt (12k chars)
[83/451] trade-reviews: August 8th Trade Review ($4k QQQ) (4YbcS7KpSOs)
    -> 4YbcS7KpSOs_transcript.txt (5k chars)
[84/451] trade-reviews: August 13th Trade Review (-$180 AMD) (s8Bzt1kDslU)
    SKIP: audio fetch failed: om/yt-dlp/yt-dlp/wiki/EJS  for details on installing one
ERROR: unable to download video data: HTTP Error 403: Forbidden
[85/451] trade-reviews: August 14th Trade Review ($5.5k NVDA) (Lo5HzRJq9fg)
    -> Lo5HzRJq9fg_transcript.txt (5k chars)
[86/451] trade-reviews: August 16th Trade Review ($6.1k TSLA) (7DM97TbfgNo)
    -> 7DM97TbfgNo_transcript.txt (6k chars)
[87/451] trade-reviews: August 20th Trade Review ($5k AMD & TSLA) (ngO33mnxhYQ)
    SKIP: audio fetch failed: om/yt-dlp/yt-dlp/wiki/EJS  for details on installing one
ERROR: unable to download video data: HTTP Error 403: Forbidden
[88/451] trade-reviews: August 22nd Trade Review ($2.8k AMD) (uPYtn-ka9JY)
    -> uPYtn-ka9JY_transcript.txt (6k chars)
[89/451] trade-reviews: August 27th Trade Review ($1.2k AMZN) (c27JuWwoYvo)
    SKIP: audio fetch failed: om/yt-dlp/yt-dlp/wiki/EJS  for details on installing one
ERROR: unable to download video data: HTTP Error 403: Forbidden
[90/451] trade-reviews: August 29th Trade Review ($24k TSLA & AAPL Swing) (vgc5IVOBaoE)
    SKIP: audio fetch failed: om/yt-dlp/yt-dlp/wiki/EJS  for details on installing one
ERROR: unable to download video data: HTTP Error 403: Forbidden
[91/451] trade-reviews: September 3rd Trade Review ($6.2k NVDA) (SeHdVXBf9-k)
    -> SeHdVXBf9-k_transcript.txt (8k chars)
[92/451] trade-reviews: September 5th Trade Review ($2.9k AAPL) (LY4HpL4kf0w)
    -> LY4HpL4kf0w_transcript.txt (5k chars)
[93/451] trade-reviews: September 10 & 11th Trade Review  (TSLA & NVDA) (u4sDOKFdJKc)
    -> u4sDOKFdJKc_transcript.txt (7k chars)
[94/451] trade-reviews: September 12th Trade Review (-3.8k TSLA) (ffgXS_5BP9s)
    -> ffgXS_5BP9s_transcript.txt (13k chars)
[95/451] trade-reviews: September 19th Trade Review ($24k TSLA & AAPL) (eRUSWiIZh9U)
    -> eRUSWiIZh9U_transcript.txt (7k chars)
[96/451] trade-reviews: September 23rd Trade Review ($6k TSLA) (9-Y340PyCZ8)
    -> 9-Y340PyCZ8_transcript.txt (4k chars)
[97/451] trade-reviews: September 25th Trade Review ($4k NVDA + TSLA) (o5Q6QD_m42o)
    -> o5Q6QD_m42o_transcript.txt (6k chars)
[98/451] trade-reviews: September 30th Trade Review ($2k AAPL) (ELPe7DNAAh8)
    -> ELPe7DNAAh8_transcript.txt (5k chars)
[99/451] trade-reviews: October 2nd Trade Review ($1.7k NVDA) (pthjYVfx2fQ)
    -> pthjYVfx2fQ_transcript.txt (8k chars)
[100/451] trade-reviews: October 3rd Trade Review ($12k NVDA) (tmIEyK_1Ho4)
    -> tmIEyK_1Ho4_transcript.txt (5k chars)
[101/451] trade-reviews: October 4th Trade Review (-$1.6k NVDA) (0aoKhSUs-LM)
    -> 0aoKhSUs-LM_transcript.txt (4k chars)
[102/451] trade-reviews: October 14th Trade Review ($1.2k NVDA) (5yVBewFS8lM)
    -> 5yVBewFS8lM_transcript.txt (6k chars)
[103/451] trade-reviews: October 15th Trade Review ($6.7k AAPL) (OK17b9D7Td4)
    -> OK17b9D7Td4_transcript.txt (5k chars)
[104/451] trade-reviews: October 23rd Trade Review ($4k NVDA) (2Wh32wlqXDE)
    -> 2Wh32wlqXDE_transcript.txt (6k chars)
[105/451] trade-reviews: October 23rd Trade Review (-$1k AAPL) (f9zwHJjaU-o)
    -> f9zwHJjaU-o_transcript.txt (6k chars)
[106/451] trade-reviews: October 25th Trade Review ($21k TSLA) (LyHxlS52KJg)
    -> LyHxlS52KJg_transcript.txt (8k chars)
[107/451] trade-reviews: November 1st Trade Review ($3k AAPL) (KCqSOCaHcZU)
    -> KCqSOCaHcZU_transcript.txt (6k chars)
[108/451] trade-reviews: November 4th Trade Review (-$1k AMD) (_22z9rgwvAQ)
    -> _22z9rgwvAQ_transcript.txt (7k chars)
[109/451] trade-reviews: November 5th Trade Review ($890 NVDA) (J1E2QdTaG4Y)
    -> J1E2QdTaG4Y_transcript.txt (6k chars)
[110/451] trade-reviews: BIGGEST TRADE EVER. November 6th Trade Review ($108k TSLA) (VVwVqEsuCKA)
    -> VVwVqEsuCKA_transcript.txt (14k chars)
[111/451] trade-reviews: November 8th Trade Review ($130k TSLA P2 + AAPL) (98e9o3AMmwk)
    -> 98e9o3AMmwk_transcript.txt (12k chars)
[112/451] trade-reviews: November 11th Trade Review (-$300 SPY) (G5t4G32eR84)
    -> G5t4G32eR84_transcript.txt (8k chars)
[113/451] trade-reviews: November 12th Trade Review ($6.6k NVDA) (TFHJk8_y8RI)
    -> TFHJk8_y8RI_transcript.txt (5k chars)
[114/451] trade-reviews: November 4th Trade Review ($1.4k NVDA) (TX6JQxpk08g)
    -> TX6JQxpk08g_transcript.txt (8k chars)
[115/451] trade-reviews: November 15th Trade Review ($250 TSLA) (CC852s5M26A)
    -> CC852s5M26A_transcript.txt (7k chars)
[116/451] trade-reviews: November 18th Trade Review ($10.5k TSLA) (2AFfZOf5qZk)
    -> 2AFfZOf5qZk_transcript.txt (7k chars)
[117/451] trade-reviews: November 19th Trade Review ($9.5k TSLA) (5zhlLPvW_cs)
    -> 5zhlLPvW_cs_transcript.txt (6k chars)
[118/451] trade-reviews: November 21 Trade Review ($500 TSLA) (jN2ZHgeyOBM)
    -> jN2ZHgeyOBM_transcript.txt (7k chars)
[119/451] trade-reviews: November 22nd Trade Review ($30k TSLA) (IyuUAoSsfnE)
    SKIP: audio fetch failed: om/yt-dlp/yt-dlp/wiki/EJS  for details on installing one
ERROR: unable to download video data: HTTP Error 403: Forbidden
[120/451] trade-reviews: November 30th Trade Review ($220k Month + $10k AAPL Trade) (EMOXU7EVlF0)
    -> EMOXU7EVlF0_transcript.txt (10k chars)
[121/451] trade-reviews: December 2nd Trade Review ($2k AAPL + TSLA) (BNwbqW_jTsM)
    -> BNwbqW_jTsM_transcript.txt (9k chars)
[122/451] trade-reviews: December 2nd Trade Review ($4k AAPL) (3xG69aUOf2I)
    -> 3xG69aUOf2I_transcript.txt (6k chars)
[123/451] trade-reviews: December 6th Trade Review ($26k TSLA + NVDA) (GxBUIXNS3aA)
    SKIP: audio fetch failed: om/yt-dlp/yt-dlp/wiki/EJS  for details on installing one
ERROR: unable to download video data: HTTP Error 403: Forbidden
[124/451] trade-reviews: December 9th Trade Review ($3k AAPL) (siorzDW_l6I)
    -> siorzDW_l6I_transcript.txt (6k chars)
[125/451] trade-reviews: December 10th Trade Review ($9.9k GOOG + TSLA + AAPL) (Ha_QXbl_Oqc)
    -> Ha_QXbl_Oqc_transcript.txt (8k chars)
[126/451] trade-reviews: December 11th Trade Review ($16k TSLA) (ykDLeZ4NnBQ)
    -> ykDLeZ4NnBQ_transcript.txt (6k chars)
[127/451] trade-reviews: December 12th Trade Review ($350 AMD) (qA7pBDvBwb4)
    -> qA7pBDvBwb4_transcript.txt (7k chars)
[128/451] trade-reviews: December 16th Trade Review (-$690 SPY) (kxjuZ9bk-F0)
    -> kxjuZ9bk-F0_transcript.txt (9k chars)
[129/451] trade-reviews: December 18th Trade Review ($3k TSLA + SPY) (dbM1BpdbMOo)
    -> dbM1BpdbMOo_transcript.txt (10k chars)
[130/451] trade-reviews: December Trade Review ($4.5k TSLA) (-_Q_BlPhjhU)
    -> -_Q_BlPhjhU_transcript.txt (10k chars)
[131/451] trade-reviews: December 26 Trade Review ($500 AAPL) (WF0AbNZDR8s)
    SKIP: audio fetch failed: om/yt-dlp/yt-dlp/wiki/EJS  for details on installing one
ERROR: unable to download video data: HTTP Error 403: Forbidden
[132/451] trade-reviews: March 31st Trade Review (oUZhSR_t3FI)
    SKIP: audio fetch failed: om/yt-dlp/yt-dlp/wiki/EJS  for details on installing one
ERROR: unable to download video data: HTTP Error 403: Forbidden
[133/451] trade-reviews: March 30th Trading Review (5ecIZcllCpw)
    -> 5ecIZcllCpw_transcript.txt (7k chars)
[134/451] trade-reviews: March 27th Trade Review (y3jnvlxDczQ)
    -> y3jnvlxDczQ_transcript.txt (5k chars)
[135/451] trade-reviews: March 28th Trade Review (ZaTjVDBTxlM)
    -> ZaTjVDBTxlM_transcript.txt (4k chars)
[136/451] trade-reviews: March 29th Trade Review (5uJddIJYyzk)
    -> 5uJddIJYyzk_transcript.txt (4k chars)
[137/451] trade-reviews: March 24th Trade Review (QnTdnh57wME)
    -> QnTdnh57wME_transcript.txt (4k chars)
[138/451] trade-reviews: March 23rd Trade Review (KqwkOjnsZIU)
    -> KqwkOjnsZIU_transcript.txt (5k chars)
[139/451] trade-reviews: March 22nd Trade Review (Ml0UXGoDRbw)
    -> Ml0UXGoDRbw_transcript.txt (5k chars)
[140/451] trade-reviews: March 20th Trade Review (5IGKlp8plz0)
    -> 5IGKlp8plz0_transcript.txt (5k chars)
[141/451] trade-reviews: March 16th Trade Review (tPHghiu-q9c)
    -> tPHghiu-q9c_transcript.txt (4k chars)
[142/451] trade-reviews: March 13th Trade Review (oR0mdBs_6KI)
    -> oR0mdBs_6KI_transcript.txt (9k chars)
[143/451] trade-reviews: March 10th Trade Review (kfYbz-q0MGE)
    -> kfYbz-q0MGE_transcript.txt (4k chars)
[144/451] trade-reviews: March 9th Trade Review (9Kl6sAKutj8)
    -> 9Kl6sAKutj8_transcript.txt (10k chars)
[145/451] trade-reviews: March 8th Trade Review (q-FxhohAEec)
    -> q-FxhohAEec_transcript.txt (6k chars)
[146/451] trade-reviews: March 7th Trade Review (8DmV9UBQq5g)
    -> 8DmV9UBQq5g_transcript.txt (4k chars)
[147/451] trade-reviews: March 6th Trade Review (RDzumndcMHI)
    -> RDzumndcMHI_transcript.txt (6k chars)
[148/451] trade-reviews: March 3rd Trade Review (Oi-W-hI4KJ0)
    -> Oi-W-hI4KJ0_transcript.txt (5k chars)
[149/451] trade-reviews: March 2nd Trade Review (2teXVtwyYcc)
    -> 2teXVtwyYcc_transcript.txt (5k chars)
[150/451] trade-reviews: March 1st Trade Review (cyDOi4Jjh5U)
    -> cyDOi4Jjh5U_transcript.txt (4k chars)
[151/451] trade-reviews: February 28th Trade Review (PBgqlCoAGZk)
    -> PBgqlCoAGZk_transcript.txt (4k chars)
[152/451] trade-reviews: February 27th Trade Review (p3kNolbkQlA)
    -> p3kNolbkQlA_transcript.txt (5k chars)
[153/451] trade-reviews: February 6th Trade Review (9_SUU8V-uJc)
    -> 9_SUU8V-uJc_transcript.txt (5k chars)
[154/451] trade-reviews: January 22 Trade Review (APJ8H9pRouU)
    -> APJ8H9pRouU_transcript.txt (4k chars)
[155/451] trade-reviews: February 15th Trade Review (BLy0H8AqtCs)
    -> BLy0H8AqtCs_transcript.txt (6k chars)
[156/451] trade-reviews: February 14th Trade Review (E35CAIh0mH0)
    -> E35CAIh0mH0_transcript.txt (4k chars)
[157/451] trade-reviews: February 13th + February 10th Trade Review (GioAzO16xM4)
    -> GioAzO16xM4_transcript.txt (6k chars)
[158/451] trade-reviews: January 31st Trade Review (HUUq4NYw2W4)
    -> HUUq4NYw2W4_transcript.txt (9k chars)
[159/451] trade-reviews: January 30th Trade Review (JPL8yUA5I8A)
    -> JPL8yUA5I8A_transcript.txt (6k chars)
[160/451] trade-reviews: January 25th Trade Review (LidIpAxjxHg)
    -> LidIpAxjxHg_transcript.txt (7k chars)
[161/451] trade-reviews: February 9th Trade Review (Qz6a1ah8Vd4)
    -> Qz6a1ah8Vd4_transcript.txt (7k chars)
[162/451] trade-reviews: February 8th Trade Review (RnD6Po3efLk)
    -> RnD6Po3efLk_transcript.txt (8k chars)
[163/451] trade-reviews: January 27th Trade Review (SSzo8GvLGgg)
    -> SSzo8GvLGgg_transcript.txt (4k chars)
[164/451] trade-reviews: February 1st 2023 Trade Review (VK0aJOkXrfk)
    -> VK0aJOkXrfk_transcript.txt (4k chars)
[165/451] trade-reviews: January 20th Trade Review (VKXO1lGJrUM)
    -> VKXO1lGJrUM_transcript.txt (5k chars)
[166/451] trade-reviews: February 16th Trade Review (YYfKUJxV9j4)
    -> YYfKUJxV9j4_transcript.txt (3k chars)
[167/451] trade-reviews: February 2nd Trade Review (eJPQc_x9Ca8)
    -> eJPQc_x9Ca8_transcript.txt (4k chars)
[168/451] trade-reviews: February 17th Trade Review (jEPb9-WmnxM)
    -> jEPb9-WmnxM_transcript.txt (3k chars)
[169/451] trade-reviews: February 21st Trade Review (jLc8Gxm0WbU)
    -> jLc8Gxm0WbU_transcript.txt (3k chars)
[170/451] trade-reviews: January 26th Trade Review (lDwyydxul9s)
    -> lDwyydxul9s_transcript.txt (6k chars)
[171/451] trade-reviews: January 24th Trade Review (mhlS6zBxQvk)
    -> mhlS6zBxQvk_transcript.txt (3k chars)
[172/451] trade-reviews: January 19 Trade Review (mmXJYCk-nd0)
    -> mmXJYCk-nd0_transcript.txt (6k chars)
[173/451] trade-reviews: February 7th Trade Review (v0ACy-Gkpy4)
    -> v0ACy-Gkpy4_transcript.txt (5k chars)
[174/451] trade-reviews: September 8th Trade Review (-f0noOhwCEM)
    SKIP: audio fetch failed: om/yt-dlp/yt-dlp/wiki/EJS  for details on installing one
ERROR: unable to download video data: HTTP Error 403: Forbidden
[175/451] trade-reviews: January 17th Trade Review (5Pc49F9_-sw)
    -> 5Pc49F9_-sw_transcript.txt (8k chars)
[176/451] trade-reviews: January 13th Trade Review (6TW_H52DV_4)
    -> 6TW_H52DV_4_transcript.txt (7k chars)
[177/451] trade-reviews: January 5th Trade Review (7ujnfM1NoB0)
    -> 7ujnfM1NoB0_transcript.txt (13k chars)
[178/451] trade-reviews: September 7th Trade review (93B-EK9t1Rk)
    SKIP: audio fetch failed: om/yt-dlp/yt-dlp/wiki/EJS  for details on installing one
ERROR: unable to download video data: HTTP Error 403: Forbidden
[179/451] trade-reviews: Sept 9th Trade Review (Eu_2e9xTi5I)
    -> Eu_2e9xTi5I_transcript.txt (4k chars)
[180/451] trade-reviews: January 19 Trade Review (Kl6J6tI-3J4)
    -> Kl6J6tI-3J4_transcript.txt (6k chars)
[181/451] trade-reviews: January 4th Trade Review (FOMC) (LyRX2tJ72RY)
    -> LyRX2tJ72RY_transcript.txt (4k chars)
[182/451] trade-reviews: Sept 22 Trade Review (MOMtlLRNZvM)
    -> MOMtlLRNZvM_transcript.txt (5k chars)
[183/451] trade-reviews: January 9th Trade Review (QSK5MhgR5r8)
    -> QSK5MhgR5r8_transcript.txt (5k chars)
[184/451] trade-reviews: January 18 Trade Review (UjiqjtAjdrM)
    -> UjiqjtAjdrM_transcript.txt (10k chars)
[185/451] trade-reviews: January 12 Trade Review (_jehm9tKmIE)
    -> _jehm9tKmIE_transcript.txt (4k chars)
[186/451] trade-reviews: January 6th Trade Review (cbUWk0IroyI)
    -> cbUWk0IroyI_transcript.txt (5k chars)
[187/451] trade-reviews: Sept 2nd Trade Review (fKVPyaEwLvg)
    -> fKVPyaEwLvg_transcript.txt (4k chars)
[188/451] trade-reviews: January 10th Trade Review (i8mc9L5P5C4)
    -> i8mc9L5P5C4_transcript.txt (5k chars)
[189/451] trade-reviews: January 3rd Trade Review (kwxSHc6tr9U)
    -> kwxSHc6tr9U_transcript.txt (9k chars)
[190/451] trade-reviews: Sept19th Trade Review (qESz1CN7oxw)
    -> qESz1CN7oxw_transcript.txt (6k chars)
[191/451] trade-reviews: Dec 28 Trade Review (rJZlRxDSz5o)
    SKIP: audio fetch failed: om/yt-dlp/yt-dlp/wiki/EJS  for details on installing one
ERROR: unable to download video data: HTTP Error 403: Forbidden
[192/451] trade-reviews: January 11 Trade Review (z3cvNms9ep8)
    -> z3cvNms9ep8_transcript.txt (9k chars)
[193/451] live-sessions: March 19th Live Session (YUlYz1ZDFIY)
    -> YUlYz1ZDFIY_transcript.txt (74k chars)
[194/451] live-sessions: March 25th Live Session (Prpog3H0Pao)
    SKIP: audio fetch failed: om/yt-dlp/yt-dlp/wiki/EJS  for details on installing one
ERROR: unable to download video data: HTTP Error 403: Forbidden
[195/451] live-sessions: March 26th Live Session (l6UXxpWsRm0)
    -> l6UXxpWsRm0_transcript.txt (65k chars)
[196/451] live-sessions: March 27th Live Session (g2EC_kt6G3g)
    -> g2EC_kt6G3g_transcript.txt (52k chars)
[197/451] live-sessions: March 28th Live Session (9hcAP9tzwj8)
    -> 9hcAP9tzwj8_transcript.txt (50k chars)
[198/451] live-sessions: April 1st Live Session (iRj311b1NJ4)
    -> iRj311b1NJ4_transcript.txt (81k chars)
[199/451] live-sessions: April 2nd Live Session (LJZoKlAjWvM)
    SKIP: audio fetch failed: om/yt-dlp/yt-dlp/wiki/EJS  for details on installing one
ERROR: unable to download video data: HTTP Error 403: Forbidden
[200/451] live-sessions: April 3rd Live Session (1OIT9r8aQnk)
    -> 1OIT9r8aQnk_transcript.txt (90k chars)
[201/451] live-sessions: April 4th Live Session (pzZ2BaadX-s)
    -> pzZ2BaadX-s_transcript.txt (50k chars)
[202/451] live-sessions: April 7th Live Session (F-KV40YE4Nc)
    -> F-KV40YE4Nc_transcript.txt (80k chars)
[203/451] live-sessions: April 8th Live Session (qJITmh_y2uU)
    -> qJITmh_y2uU_transcript.txt (58k chars)
[204/451] live-sessions: April 9th Live Session (e6u676aIc30)
    SKIP: audio fetch failed: om/yt-dlp/yt-dlp/wiki/EJS  for details on installing one
ERROR: unable to download video data: HTTP Error 403: Forbidden
[205/451] live-sessions: April 10th Live Session (Y49WRcNSrKk)
    -> Y49WRcNSrKk_transcript.txt (98k chars)
[206/451] live-sessions: April 11th Live Session (4zIwcfcJBFA)
    -> 4zIwcfcJBFA_transcript.txt (56k chars)
[207/451] live-sessions: April 14th Live Session (PXT3MenY3-A)
    -> PXT3MenY3-A_transcript.txt (59k chars)
[208/451] live-sessions: April 15th Live Session (qPKx_AVotEs)
    -> qPKx_AVotEs_transcript.txt (63k chars)
[209/451] live-sessions: April 16th Live Session (teknuA8-LSQ)
    -> teknuA8-LSQ_transcript.txt (76k chars)
[210/451] live-sessions: April 17th Live Session (bIoj2jUuCQA)
    -> bIoj2jUuCQA_transcript.txt (62k chars)
[211/451] live-sessions: April 21st Live Session (ItlcnXfF1wE)
    -> ItlcnXfF1wE_transcript.txt (78k chars)
[212/451] live-sessions: April 22nd Live Session (ltwzBkdkjaA)
    -> ltwzBkdkjaA_transcript.txt (69k chars)
[213/451] live-sessions: April 23rd Live Session (HKn_S8wtKr0)
    -> HKn_S8wtKr0_transcript.txt (64k chars)
[214/451] live-sessions: April 24th Live Session (Lv6TjiF8Pgw)
    -> Lv6TjiF8Pgw_transcript.txt (21k chars)
[215/451] live-sessions: April 28th Live Session (eZV8qqz0j3I)
    -> eZV8qqz0j3I_transcript.txt (43k chars)
[216/451] live-sessions: April 29th Live Session (dORhijHthwU)
    -> dORhijHthwU_transcript.txt (62k chars)
[217/451] live-sessions: April 30th Live Session (dN3uJoEpixw)
    -> dN3uJoEpixw_transcript.txt (67k chars)
[218/451] live-sessions: May 1st Live Session (Qk5Vd3QvlJg)
    -> Qk5Vd3QvlJg_transcript.txt (53k chars)
[219/451] live-sessions: May 2nd Live Session (NhWWZJpvSIk)
    -> NhWWZJpvSIk_transcript.txt (89k chars)
[220/451] live-sessions: May 5th Live Session (HX3n2tHRLV8)
    -> HX3n2tHRLV8_transcript.txt (68k chars)
[221/451] live-sessions: May 6th Live Session (pjqmIixRu18)
    -> pjqmIixRu18_transcript.txt (73k chars)
[222/451] live-sessions: May 7th Live Session (h3LwZ3rhS_g)
    -> h3LwZ3rhS_g_transcript.txt (39k chars)
[223/451] live-sessions: May 8th Live Session (1scmB__v9W8)
    -> 1scmB__v9W8_transcript.txt (76k chars)
[224/451] live-sessions: May 9th Live Session (LHyoDeGwYFM)
    -> LHyoDeGwYFM_transcript.txt (53k chars)
[225/451] live-sessions: May 12th Live Sesssion (qjSC9FGF0js)
    -> qjSC9FGF0js_transcript.txt (70k chars)
[226/451] live-sessions: May 13th Live Session (T8leSPV4i7o)
    -> T8leSPV4i7o_transcript.txt (55k chars)
[227/451] live-sessions: May 14th Live Session (DLFwLWVb61U)
    -> DLFwLWVb61U_transcript.txt (74k chars)
[228/451] live-sessions: May 15th Live Session (uK1u4p_MlXg)
    -> uK1u4p_MlXg_transcript.txt (82k chars)
[229/451] live-sessions: May 16th Live Session (OGfA9w2oyc4)
    -> OGfA9w2oyc4_transcript.txt (68k chars)
[230/451] live-sessions: May 19th Live Session (7Yytj7ILkRg)
    -> 7Yytj7ILkRg_transcript.txt (63k chars)
[231/451] live-sessions: May 20th Live Session (0fE8zvzzVZE)
    -> 0fE8zvzzVZE_transcript.txt (87k chars)
[232/451] live-sessions: May 21st Live Session (_g1de0wL-N0)
    -> _g1de0wL-N0_transcript.txt (95k chars)
[233/451] live-sessions: May 22nd Live Session (J_EFV3bxmzU)
    -> J_EFV3bxmzU_transcript.txt (104k chars)
[234/451] live-sessions: May 23rd Live Session (TaRZ9mpuVhs)
    -> TaRZ9mpuVhs_transcript.txt (59k chars)
[235/451] live-sessions: May 27th Live Session (RAVL9s1Nu34)
    -> RAVL9s1Nu34_transcript.txt (58k chars)
[236/451] live-sessions: May 28th Live Session (FW4sO-zgQYw)
    -> FW4sO-zgQYw_transcript.txt (102k chars)
[237/451] live-sessions: May 29th Live Session (DGdogTO-paI)
    -> DGdogTO-paI_transcript.txt (93k chars)
[238/451] live-sessions: May 30th Live Session (ejvurip2aRs)
    -> ejvurip2aRs_transcript.txt (68k chars)
[239/451] live-sessions: June 2nd Live Session (_Enm35zFpOo)
    -> _Enm35zFpOo_transcript.txt (50k chars)
[240/451] live-sessions: June 3rd Live Session (3UXFutyNDoY)
    -> 3UXFutyNDoY_transcript.txt (40k chars)
[241/451] live-sessions: June 4th Live Session (A1out1kXrEc)
    -> A1out1kXrEc_transcript.txt (30k chars)
[242/451] live-sessions: June 5th Live Session (MF84vfpsJGw)
    -> MF84vfpsJGw_transcript.txt (85k chars)
[243/451] live-sessions: June 6th Live Session (lk91KvccR_w)
    -> lk91KvccR_w_transcript.txt (77k chars)
[244/451] live-sessions: June 9th Live Session (_XbTsCQkoJc)
    SKIP: audio fetch failed: om/yt-dlp/yt-dlp/wiki/EJS  for details on installing one
ERROR: unable to download video data: HTTP Error 403: Forbidden
[245/451] live-sessions: June 10th Live Session (vGsjLNfqlJ4)
    -> vGsjLNfqlJ4_transcript.txt (85k chars)
[246/451] live-sessions: June 11th Live Session (bKdShngNVTc)
    -> bKdShngNVTc_transcript.txt (93k chars)
[247/451] live-sessions: June 20th Live Session (4rJGc39a3Iw)
    -> 4rJGc39a3Iw_transcript.txt (52k chars)
[248/451] live-sessions: June 23rd Live Session (wk4PB9XwNZM)
    -> wk4PB9XwNZM_transcript.txt (74k chars)
[249/451] live-sessions: June 24th Live Session (NxK9d2zJIFQ)
    -> NxK9d2zJIFQ_transcript.txt (75k chars)
[250/451] live-sessions: June 25th Live Session (RjGyrZBHKLg)
    -> RjGyrZBHKLg_transcript.txt (42k chars)
[251/451] live-sessions: June 26th Live Session (KWGR2laQyRM)
    -> KWGR2laQyRM_transcript.txt (141k chars)
[252/451] live-sessions: June 27th Live Session (kIjOC9H_DY4)
    -> kIjOC9H_DY4_transcript.txt (46k chars)
[253/451] live-sessions: June 30th Live Session (eP8A-vf-eWM)
    -> eP8A-vf-eWM_transcript.txt (79k chars)
[254/451] live-sessions: July 1st Live Session (Ip1iWJEhm5k)
    -> Ip1iWJEhm5k_transcript.txt (81k chars)
[255/451] live-sessions: July 2nd Live Session (vO-Dcqiso24)
    -> vO-Dcqiso24_transcript.txt (51k chars)
[256/451] live-sessions: July 3rd Live Session (9RWl7x8I_ww)
    -> 9RWl7x8I_ww_transcript.txt (58k chars)
[257/451] live-sessions: July 7th Live Session (J5PB2ykgbAE)
    -> J5PB2ykgbAE_transcript.txt (86k chars)
[258/451] live-sessions: July 8th Live Session (p6tEcbCsfjs)
    -> p6tEcbCsfjs_transcript.txt (57k chars)
[259/451] live-sessions: July 9th Live Session (7auleEXxAz8)
    -> 7auleEXxAz8_transcript.txt (69k chars)
[260/451] live-sessions: July 10th Live Session (2g_UVL6Bo8k)
    SKIP: audio fetch failed: om/yt-dlp/yt-dlp/wiki/EJS  for details on installing one
ERROR: unable to download video data: HTTP Error 403: Forbidden
[261/451] live-sessions: July 11th Live Session (cfwZUw2UqtQ)
    -> cfwZUw2UqtQ_transcript.txt (59k chars)
[262/451] live-sessions: July 14th Live Session (lhRylX5X5nw)
    -> lhRylX5X5nw_transcript.txt (124k chars)
[263/451] live-sessions: July 15th Live Session (w7ySw8EPzKU)
    -> w7ySw8EPzKU_transcript.txt (49k chars)
[264/451] live-sessions: July 16th Live Session (Ie1kUjTj4Jc)
    -> Ie1kUjTj4Jc_transcript.txt (65k chars)
[265/451] live-sessions: July 17th Live Session (De-sCOwNQLM)
    SKIP: audio fetch failed: om/yt-dlp/yt-dlp/wiki/EJS  for details on installing one
ERROR: unable to download video data: HTTP Error 403: Forbidden
[266/451] live-sessions: July 18th Live Session (Rka2S7Ji2NQ)
    -> Rka2S7Ji2NQ_transcript.txt (57k chars)
[267/451] live-sessions: Live Session January 3rd (cWtMw7bLEy4)
    -> cWtMw7bLEy4_transcript.txt (42k chars)
[268/451] live-sessions: Live Session January 4th (tQy9CO2sGSI)
    -> tQy9CO2sGSI_transcript.txt (28k chars)
[269/451] live-sessions: Live Session Jan 5th (mnnwfxQoEIY)
    -> mnnwfxQoEIY_transcript.txt (53k chars)
[270/451] live-sessions: Live Trading Session January 16th (E1AvGvmQGQQ)
    -> E1AvGvmQGQQ_transcript.txt (42k chars)
[271/451] live-sessions: Live Trading Session January 17th (n-_i9lxfPEE)
    -> n-_i9lxfPEE_transcript.txt (30k chars)
[272/451] live-sessions: Live trading Session January 18th (ujgAi_U41ZQ)
    -> ujgAi_U41ZQ_transcript.txt (40k chars)
[273/451] live-sessions: Live Trading Session January 19th (t0-wG3RAQZU)
    -> t0-wG3RAQZU_transcript.txt (47k chars)
[274/451] live-sessions: Live Trading Session January 22nd (tuiaMFg7VYY)
    -> tuiaMFg7VYY_transcript.txt (35k chars)
[275/451] live-sessions: Live Trading Session January 23rd (IHK5ncJ6ZJA)
    -> IHK5ncJ6ZJA_transcript.txt (41k chars)
[276/451] live-sessions: Live Trading Session January 24th (OYVYu8Tw568)
    -> OYVYu8Tw568_transcript.txt (40k chars)
[277/451] live-sessions: Live Trading Session January 25th (woGhNiIiqFs)
    -> woGhNiIiqFs_transcript.txt (30k chars)
[278/451] live-sessions: Live Trading Session January 26th (9JjLL3-VDL8)
    -> 9JjLL3-VDL8_transcript.txt (25k chars)
[279/451] live-sessions: Live Trading Session January 29th (tDaslTh_1S8)
    -> tDaslTh_1S8_transcript.txt (29k chars)
[280/451] live-sessions: Live Trading Session January 30th (UYkA07AJvl4)
    -> UYkA07AJvl4_transcript.txt (35k chars)
[281/451] live-sessions: Live Trading Session January 31st (cgUoqp8243I)
    -> cgUoqp8243I_transcript.txt (30k chars)
[282/451] live-sessions: Live Trading Session February 1st (0I1w83eSLyU)
    -> 0I1w83eSLyU_transcript.txt (49k chars)
[283/451] live-sessions: Live Trading Session February 2nd (r9mNfnvsBOI)
    -> r9mNfnvsBOI_transcript.txt (66k chars)
[284/451] live-sessions: Live Trading Session February 5th (xQ2nafFPpjE)
    -> xQ2nafFPpjE_transcript.txt (46k chars)
[285/451] live-sessions: Live Trading Session February 6th (j-WmNGto2aA)
    -> j-WmNGto2aA_transcript.txt (31k chars)
[286/451] live-sessions: Live Trading Session February 7th (2MyWbeC0xdw)
    -> 2MyWbeC0xdw_transcript.txt (53k chars)
[287/451] live-sessions: Live Trading Session February 8th (XgIrHZ5xUI4)
    -> XgIrHZ5xUI4_transcript.txt (51k chars)
[288/451] live-sessions: Live Trading Session February 9th (9R4ttrex5JU)
    -> 9R4ttrex5JU_transcript.txt (64k chars)
[289/451] live-sessions: Live Trading Session February 12th (lgCqWnnqmZ8)
    -> lgCqWnnqmZ8_transcript.txt (28k chars)
[290/451] live-sessions: Live Trading Session February 13th (ysS7XcByMIM)
    -> ysS7XcByMIM_transcript.txt (23k chars)
[291/451] live-sessions: Live Trading Session February 14th (Ni1sRRbeUO4)
    -> Ni1sRRbeUO4_transcript.txt (17k chars)
[292/451] live-sessions: Live Trading Session February 16th (L_OSAWk4_ww)
    -> L_OSAWk4_ww_transcript.txt (47k chars)
[293/451] live-sessions: Live Trading Session February 20th (80oEvfFUri8)
    -> 80oEvfFUri8_transcript.txt (27k chars)
[294/451] live-sessions: Live Trading Session February 21st (3yiJ74UNjFI)
    -> 3yiJ74UNjFI_transcript.txt (24k chars)
[295/451] live-sessions: Live Trading Session February 22nd (+$12,200) (3yDUvAjr4TQ)
    -> 3yDUvAjr4TQ_transcript.txt (37k chars)
[296/451] live-sessions: Live Trading Session February 23rd (wT-qWLQ-a5g)
    -> wT-qWLQ-a5g_transcript.txt (36k chars)
[297/451] live-sessions: Live Trading Session February 26th (THy81tnkMIo)
    -> THy81tnkMIo_transcript.txt (20k chars)
[298/451] live-sessions: Live Trading Session February 27th (o-45Cemg6gY)
    SKIP: audio fetch failed: om/yt-dlp/yt-dlp/wiki/EJS  for details on installing one
ERROR: unable to download video data: HTTP Error 403: Forbidden
[299/451] live-sessions: Live Trading Session February 28th (kVheBlRBekg)
    -> kVheBlRBekg_transcript.txt (31k chars)
[300/451] live-sessions: Live Trading Session February 29th (+$9,000) (DUmvMhKk7mA)
    -> DUmvMhKk7mA_transcript.txt (33k chars)
[301/451] live-sessions: Live Trading Session March 1st (bOSitTjlRjA)
    -> bOSitTjlRjA_transcript.txt (55k chars)
[302/451] live-sessions: Live Trading Session April 9th (oIOWKmTgs1I)
    -> oIOWKmTgs1I_transcript.txt (44k chars)
[303/451] live-sessions: Live Trading Session April 10th (P0X00SCFsbo)
    -> P0X00SCFsbo_transcript.txt (44k chars)
[304/451] live-sessions: Live Trading Session April 12th (fkLwQuAYRdg)
    -> fkLwQuAYRdg_transcript.txt (56k chars)
[305/451] live-sessions: Live Trading Session April 15th (-_dz8WqgRB8)
    -> -_dz8WqgRB8_transcript.txt (65k chars)
[306/451] live-sessions: Live Trading Session April 16th (BdG8dxQ_Hnk)
    -> BdG8dxQ_Hnk_transcript.txt (81k chars)
[307/451] live-sessions: Live Session April 17th (efNNTEiYmRI)
    -> efNNTEiYmRI_transcript.txt (64k chars)
[308/451] live-sessions: Live Trading Session April 18th (aNWGi3H8Ovc)
    -> aNWGi3H8Ovc_transcript.txt (64k chars)
[309/451] live-sessions: Live Trading Session April 19th (toH48Rt4eko)
    SKIP: audio fetch failed: om/yt-dlp/yt-dlp/wiki/EJS  for details on installing one
ERROR: unable to download video data: HTTP Error 403: Forbidden
[310/451] live-sessions: Live Trading Session April 22nd (gcQuTCMucaw)
    -> gcQuTCMucaw_transcript.txt (51k chars)
[311/451] live-sessions: Live Trading Session April 23rd (81-nekY3l0U)
    -> 81-nekY3l0U_transcript.txt (59k chars)
[312/451] live-sessions: Live Trading Session April 24th (8L2MWHToN_E)
    -> 8L2MWHToN_E_transcript.txt (86k chars)
[313/451] live-sessions: Live Trading Session April 25th (beilNB6V3lM)
    -> beilNB6V3lM_transcript.txt (38k chars)
[314/451] live-sessions: Live Trading Session April 26th (JrabwKiuJpg)
    -> JrabwKiuJpg_transcript.txt (38k chars)
[315/451] live-sessions: Live Trading Session April 29th (pGLsdLZahVY)
    -> pGLsdLZahVY_transcript.txt (57k chars)
[316/451] live-sessions: Live Trading Session April 30th (3o6JJcZoGyw)
    -> 3o6JJcZoGyw_transcript.txt (30k chars)
[317/451] live-sessions: Live Session May 1st (qyDCEwko494)
    -> qyDCEwko494_transcript.txt (58k chars)
[318/451] live-sessions: Live Trading Session May 2nd (U9l_3UwDQI8)
    -> U9l_3UwDQI8_transcript.txt (83k chars)
[319/451] live-sessions: Live Trading Session May 3rd (8d0AKmzuDHg)
    -> 8d0AKmzuDHg_transcript.txt (50k chars)
[320/451] live-sessions: Live Trading Session May 6th (wZw4exMyRn0)
    -> wZw4exMyRn0_transcript.txt (57k chars)
[321/451] live-sessions: Live Trading Session May 7th (Rn7xUwUWZH0)
    -> Rn7xUwUWZH0_transcript.txt (72k chars)
[322/451] live-sessions: Live Trading Session May 8th (bTrVyhrR2NM)
    -> bTrVyhrR2NM_transcript.txt (121k chars)
[323/451] live-sessions: Live Trading Session May 10th (-k6ayIaeOzs)
    -> -k6ayIaeOzs_transcript.txt (82k chars)
[324/451] live-sessions: Live Trading Session May 13th (K_HdP7ALs14)
    -> K_HdP7ALs14_transcript.txt (16k chars)
[325/451] live-sessions: Live Trading Session May 16th (DOixA3wudkk)
    -> DOixA3wudkk_transcript.txt (106k chars)
[326/451] live-sessions: Live Trading Session May 17th (nY6MSJkgG6Y)
    -> nY6MSJkgG6Y_transcript.txt (32k chars)
[327/451] live-sessions: Live Trading Session May 20th (PJrYv5PkXBc)
    -> PJrYv5PkXBc_transcript.txt (49k chars)
[328/451] live-sessions: Live Trading Session May 21st (dWT14y7Qc6w)
    -> dWT14y7Qc6w_transcript.txt (56k chars)
[329/451] live-sessions: Live Trading Session May 23rd (_CYv86-RoHY)
    -> _CYv86-RoHY_transcript.txt (52k chars)
[330/451] live-sessions: Live Trading Session May 24th (EiK0Fv4Ox1Q)
    -> EiK0Fv4Ox1Q_transcript.txt (49k chars)
[331/451] live-sessions: Live Trading Session May 28th (UPecCxOwC2Y)
    -> UPecCxOwC2Y_transcript.txt (75k chars)
[332/451] live-sessions: Live Trading Session May 29th (bAXQ4QKyNhU)
    -> bAXQ4QKyNhU_transcript.txt (63k chars)
[333/451] live-sessions: Live Trading Session May 30th (iD-anLrBugk)
    -> iD-anLrBugk_transcript.txt (89k chars)
[334/451] live-sessions: Live Trading Session May 31st (GCMWqMgVEWw)
    -> GCMWqMgVEWw_transcript.txt (49k chars)
[335/451] live-sessions: June 3rd Live Session (YtgYBGeKNrQ)
141 playlist videos to whisper
whisper: small on CUDA
[1/141] trade-reviews: March 31st Trade Review (1.6k NVDA) (B9uniOihM2M)
    -> B9uniOihM2M_transcript.txt (7k chars)
[2/141] trade-reviews: April 8th Trade Review ($4k AMD & TSLA) (iwgAOnAuN7A)
    -> iwgAOnAuN7A_transcript.txt (8k chars)
[3/141] trade-reviews: April 24th Trade Review ($9.8k NVDA) (Zvj9wsulyCM)
    -> Zvj9wsulyCM_transcript.txt (9k chars)
[4/141] trade-reviews: May 10th Trade Review ($4k NVDA) (B_bBQHIxHtg)
    -> B_bBQHIxHtg_transcript.txt (6k chars)
[5/141] trade-reviews: June 5th Trade Review (-$2.9k TSLA) (n5a9PDnO83A)
    -> n5a9PDnO83A_transcript.txt (6k chars)
[6/141] trade-reviews: August 13th Trade Review (-$180 AMD) (s8Bzt1kDslU)
    -> s8Bzt1kDslU_transcript.txt (9k chars)
[7/141] trade-reviews: August 20th Trade Review ($5k AMD & TSLA) (ngO33mnxhYQ)
    -> ngO33mnxhYQ_transcript.txt (12k chars)
[8/141] trade-reviews: August 27th Trade Review ($1.2k AMZN) (c27JuWwoYvo)
    SKIP: audio fetch failed: om/yt-dlp/yt-dlp/wiki/EJS  for details on installing one
ERROR: unable to download video data: HTTP Error 403: Forbidden
[9/141] trade-reviews: August 29th Trade Review ($24k TSLA & AAPL Swing) (vgc5IVOBaoE)
    -> vgc5IVOBaoE_transcript.txt (11k chars)
[10/141] trade-reviews: November 22nd Trade Review ($30k TSLA) (IyuUAoSsfnE)
    -> IyuUAoSsfnE_transcript.txt (5k chars)
[11/141] trade-reviews: December 6th Trade Review ($26k TSLA + NVDA) (GxBUIXNS3aA)
    -> GxBUIXNS3aA_transcript.txt (13k chars)
[12/141] trade-reviews: December 26 Trade Review ($500 AAPL) (WF0AbNZDR8s)
    -> WF0AbNZDR8s_transcript.txt (5k chars)
[13/141] trade-reviews: March 31st Trade Review (oUZhSR_t3FI)
    -> oUZhSR_t3FI_transcript.txt (6k chars)
[14/141] trade-reviews: September 8th Trade Review (-f0noOhwCEM)
    -> -f0noOhwCEM_transcript.txt (4k chars)
[15/141] trade-reviews: September 7th Trade review (93B-EK9t1Rk)
    -> 93B-EK9t1Rk_transcript.txt (4k chars)
[16/141] trade-reviews: Dec 28 Trade Review (rJZlRxDSz5o)
    -> rJZlRxDSz5o_transcript.txt (5k chars)
[17/141] live-sessions: March 25th Live Session (Prpog3H0Pao)
    -> Prpog3H0Pao_transcript.txt (73k chars)
[18/141] live-sessions: April 2nd Live Session (LJZoKlAjWvM)
125 playlist videos to whisper
Traceback (most recent call last):
  File "C:\Users\aharg\tradingbot\yt_whisper.py", line 82, in <module>
    main()
  File "C:\Users\aharg\tradingbot\yt_whisper.py", line 51, in main
    from faster_whisper import WhisperModel
ModuleNotFoundError: No module named 'faster_whisper'
125 playlist videos to whisper
whisper: small on CUDA
[1/125] trade-reviews: August 27th Trade Review ($1.2k AMZN) (c27JuWwoYvo)
    transcribe FAILED: Library cublas64_12.dll is not found or cannot be loaded
[2/125] live-sessions: April 2nd Live Session (LJZoKlAjWvM)
125 playlist videos to whisper
whisper: small on CUDA
[1/125] trade-reviews: August 27th Trade Review ($1.2k AMZN) (c27JuWwoYvo)
    -> c27JuWwoYvo_transcript.txt (6k chars)
[2/125] live-sessions: April 2nd Live Session (LJZoKlAjWvM)
    -> LJZoKlAjWvM_transcript.txt (83k chars)
[3/125] live-sessions: April 9th Live Session (e6u676aIc30)
    -> e6u676aIc30_transcript.txt (74k chars)
[4/125] live-sessions: June 9th Live Session (_XbTsCQkoJc)
    -> _XbTsCQkoJc_transcript.txt (98k chars)
[5/125] live-sessions: July 10th Live Session (2g_UVL6Bo8k)
    -> 2g_UVL6Bo8k_transcript.txt (74k chars)
[6/125] live-sessions: July 17th Live Session (De-sCOwNQLM)
    -> De-sCOwNQLM_transcript.txt (102k chars)
[7/125] live-sessions: Live Trading Session February 27th (o-45Cemg6gY)
    -> o-45Cemg6gY_transcript.txt (22k chars)
[8/125] live-sessions: Live Trading Session April 19th (toH48Rt4eko)
    -> toH48Rt4eko_transcript.txt (64k chars)
[9/125] live-sessions: June 3rd Live Session (YtgYBGeKNrQ)
    -> YtgYBGeKNrQ_transcript.txt (52k chars)
[10/125] live-sessions: June 4th Live Session (HJm2qQ673co)
    -> HJm2qQ673co_transcript.txt (50k chars)
[11/125] live-sessions: June 5th Live Session (yGpLnmMezM0)
    -> yGpLnmMezM0_transcript.txt (92k chars)
[12/125] live-sessions: June 6th Live Session (Yra-xSVy4ZI)
    -> Yra-xSVy4ZI_transcript.txt (60k chars)
[13/125] live-sessions: June 7th Live Session (t0xpI2wU9-o)
    -> t0xpI2wU9-o_transcript.txt (43k chars)
[14/125] live-sessions: June 10th Live Session (kpdNKpFhfK8)
    -> kpdNKpFhfK8_transcript.txt (54k chars)
[15/125] live-sessions: June 11th Live Session (NNLB7z2W1WY)
    -> NNLB7z2W1WY_transcript.txt (33k chars)
[16/125] live-sessions: June 13th Live Session (S2z11bfqLnw)
    -> S2z11bfqLnw_transcript.txt (51k chars)
[17/125] live-sessions: June 14th Live Session (qfmvjY-QpQQ)
    -> qfmvjY-QpQQ_transcript.txt (56k chars)
[18/125] live-sessions: June 17th Live Trading Session (qPAXEaxBdkE)
    -> qPAXEaxBdkE_transcript.txt (44k chars)
[19/125] live-sessions: June 18th Live Session (25k5lSNf9-0)
    -> 25k5lSNf9-0_transcript.txt (36k chars)
[20/125] live-sessions: June 20th Live Session Trading Session (OFQud4YYPck)
    -> OFQud4YYPck_transcript.txt (46k chars)
[21/125] live-sessions: June 21st Live Session (0z6KAobsuXo)
    -> 0z6KAobsuXo_transcript.txt (51k chars)
[22/125] live-sessions: June 24th Live Session (8wVozYWQJq0)
    -> 8wVozYWQJq0_transcript.txt (71k chars)
[23/125] live-sessions: June 25th Live Session (RECUUQZymbo)
    -> RECUUQZymbo_transcript.txt (56k chars)
[24/125] live-sessions: June 26th Live Session (ZoDEKSAnsiA)
    -> ZoDEKSAnsiA_transcript.txt (51k chars)
[25/125] live-sessions: June 27th Live Session (V7CC-wCsbOs)
    -> V7CC-wCsbOs_transcript.txt (81k chars)
[26/125] live-sessions: June 28th Live Session (Ffk5ZSiVjpk)
    -> Ffk5ZSiVjpk_transcript.txt (47k chars)
[27/125] live-sessions: August 1st Live Trading (KDtjZmOKjFg)
    -> KDtjZmOKjFg_transcript.txt (102k chars)
[28/125] live-sessions: August 2nd Live Session (9X1stqlKnDw)
    -> 9X1stqlKnDw_transcript.txt (59k chars)
[29/125] live-sessions: August 5th Live Session (ToLUr7g90jQ)
    -> ToLUr7g90jQ_transcript.txt (90k chars)
[30/125] live-sessions: August 6th Live Session (cSSsjGBxAw0)
    -> cSSsjGBxAw0_transcript.txt (83k chars)
[31/125] live-sessions: August 7th Live Session (lSsE50yS9vc)
    -> lSsE50yS9vc_transcript.txt (67k chars)
[32/125] live-sessions: August 8th Live Session (G00Y6CAdUzY)
    -> G00Y6CAdUzY_transcript.txt (93k chars)
[33/125] live-sessions: August 9th Live Session (AH2mmePrFsE)
    -> AH2mmePrFsE_transcript.txt (82k chars)
[34/125] live-sessions: August 12th Live Session (aqdT0BoxDYc)
    -> aqdT0BoxDYc_transcript.txt (69k chars)
[35/125] live-sessions: August 13th Live Session (qsspPphDiPE)
    -> qsspPphDiPE_transcript.txt (65k chars)
[36/125] live-sessions: August 14th Live Session (rNy7OOzsGwE)
    -> rNy7OOzsGwE_transcript.txt (69k chars)
[37/125] live-sessions: August 15th Live Session (BLTla7_slhg)
    -> BLTla7_slhg_transcript.txt (66k chars)
[38/125] live-sessions: August 16th (SuebXDAybxI)
    -> SuebXDAybxI_transcript.txt (43k chars)
[39/125] live-sessions: August 19th Live Session (MC0fw3ThEwc)
    -> MC0fw3ThEwc_transcript.txt (73k chars)
[40/125] live-sessions: August 20th Live Session (X9bqfraDYso)
    -> X9bqfraDYso_transcript.txt (72k chars)
[41/125] live-sessions: August 21st Live Session (u9pFlMU2iZM)
    -> u9pFlMU2iZM_transcript.txt (74k chars)
[42/125] live-sessions: August 22nd Live Session (pFjKyYfP2Tg)
    -> pFjKyYfP2Tg_transcript.txt (93k chars)
[43/125] live-sessions: August 23rd Live Session (tr_ywYlRvvw)
    -> tr_ywYlRvvw_transcript.txt (61k chars)
[44/125] live-sessions: August 26th Live Session (aJMXM67Kq7A)
    -> aJMXM67Kq7A_transcript.txt (124k chars)
[45/125] live-sessions: August 27th Live Session (hLd90z7mTMM)
    -> hLd90z7mTMM_transcript.txt (62k chars)
[46/125] live-sessions: August 28th Live Session (YzOLcbffX34)
    -> YzOLcbffX34_transcript.txt (82k chars)
[47/125] live-sessions: August 29th Live Session (WBR9gJ3-16g)
    SKIP: audio fetch failed: om/yt-dlp/yt-dlp/wiki/EJS  for details on installing one
ERROR: unable to download video data: HTTP Error 403: Forbidden
[48/125] live-sessions: August 30th Live Session (_LMcjhKZRss)
    -> _LMcjhKZRss_transcript.txt (66k chars)
[49/125] live-sessions: September 3rd Live Session (qUcD-bTkuSg)
    -> qUcD-bTkuSg_transcript.txt (93k chars)
[50/125] live-sessions: September 4th Live Session (IZENtbZb1u8)
    -> IZENtbZb1u8_transcript.txt (139k chars)
[51/125] live-sessions: September 5th Live Session (QfEDAnpfhew)
    -> QfEDAnpfhew_transcript.txt (106k chars)
[52/125] live-sessions: Weekly Trading Recap September 7th (JuXUGhX_9DI)
    -> JuXUGhX_9DI_transcript.txt (116k chars)
[53/125] live-sessions: September 9th Live Session (2MewI9Y_K2Y)
    -> 2MewI9Y_K2Y_transcript.txt (124k chars)
[54/125] live-sessions: September 10th Live Session (RGJW1OXVO9U)
    -> RGJW1OXVO9U_transcript.txt (92k chars)
[55/125] live-sessions: September 12th Live Session (mr3HXR4SF20)
    -> mr3HXR4SF20_transcript.txt (69k chars)
[56/125] live-sessions: September 11th Live Session (ygr1XXK0MPU)
    SKIP: audio fetch failed: om/yt-dlp/yt-dlp/wiki/EJS  for details on installing one
ERROR: unable to download video data: HTTP Error 403: Forbidden
[57/125] live-sessions: September 13th Live Session (V_87OOIoRGw)
    -> V_87OOIoRGw_transcript.txt (94k chars)
[58/125] live-sessions: September 16th Live Session (hFA1M_-mnJA)
    -> hFA1M_-mnJA_transcript.txt (116k chars)
[59/125] live-sessions: 0917 Live Session (98JRrWRQNMU)
    -> 98JRrWRQNMU_transcript.txt (95k chars)
[60/125] live-sessions: September 18th Live Session (pXzYljkemVc)
    -> pXzYljkemVc_transcript.txt (72k chars)
[61/125] live-sessions: September 19th Live Session (WB34Q98VCPY)
    -> WB34Q98VCPY_transcript.txt (90k chars)
[62/125] live-sessions: September 20th Live Session (IM8bUPEeYPk)
    SKIP: audio fetch failed: om/yt-dlp/yt-dlp/wiki/EJS  for details on installing one
ERROR: unable to download video data: HTTP Error 403: Forbidden
[63/125] live-sessions: September 23rd Live Session (sbP0XANv-QE)
66 playlist videos to whisper
whisper: small on CUDA
[1/66] live-sessions: August 29th Live Session (WBR9gJ3-16g)
    -> WBR9gJ3-16g_transcript.txt (48k chars)
[2/66] live-sessions: September 11th Live Session (ygr1XXK0MPU)
    -> ygr1XXK0MPU_transcript.txt (82k chars)
[3/66] live-sessions: September 20th Live Session (IM8bUPEeYPk)
    -> IM8bUPEeYPk_transcript.txt (72k chars)
[4/66] live-sessions: September 23rd Live Session (sbP0XANv-QE)
    -> sbP0XANv-QE_transcript.txt (85k chars)
[5/66] live-sessions: September 24th Live Session (lGJ5ynxwgjA)
    -> lGJ5ynxwgjA_transcript.txt (97k chars)
[6/66] live-sessions: September 25th Live Session (c4uNJYskLL4)
    -> c4uNJYskLL4_transcript.txt (90k chars)
[7/66] live-sessions: September 26th Live Session (xBtkUAYv1uw)
    -> xBtkUAYv1uw_transcript.txt (84k chars)
[8/66] live-sessions: September 30th Live Session (JzUqD3hK9HY)
    -> JzUqD3hK9HY_transcript.txt (69k chars)
[9/66] live-sessions: October 31st Live Session (uhyCpij4vHM)
    -> uhyCpij4vHM_transcript.txt (60k chars)
[10/66] live-sessions: October 30th Live Session (wSRFcAbpJ9E)
    -> wSRFcAbpJ9E_transcript.txt (91k chars)
[11/66] live-sessions: October 29th Live Session (Z6StM63y3ZQ)
    -> Z6StM63y3ZQ_transcript.txt (52k chars)
[12/66] live-sessions: October 28th Live Session (ySutWqEiXBg)
    -> ySutWqEiXBg_transcript.txt (36k chars)
[13/66] live-sessions: October 25th Live Session (rdtOOEym4Cs)
    -> rdtOOEym4Cs_transcript.txt (83k chars)
[14/66] live-sessions: October 24th Live Session (obSmDLZ9icM)
    -> obSmDLZ9icM_transcript.txt (62k chars)
[15/66] live-sessions: October 23rd Live Session (rtOO7BabBnA)
    -> rtOO7BabBnA_transcript.txt (63k chars)
[16/66] live-sessions: October 22nd Live Session (nQs0k9VGacU)
    -> nQs0k9VGacU_transcript.txt (72k chars)
[17/66] live-sessions: October 21th Live Session (t4saOzhWTTQ)
    -> t4saOzhWTTQ_transcript.txt (49k chars)
[18/66] live-sessions: October 18th Live Session (HUvAEWa1vMw)
49 playlist videos to whisper
whisper: small on CUDA
[1/49] live-sessions: October 18th Live Session (HUvAEWa1vMw)
    -> HUvAEWa1vMw_transcript.txt (58k chars)
[2/49] live-sessions: October 17th Live Session (TZb_9S_qnVs)
    -> TZb_9S_qnVs_transcript.txt (50k chars)
[3/49] live-sessions: October 16th Live Session (OaN-3dWdvBU)
    SKIP: audio fetch failed: om/yt-dlp/yt-dlp/wiki/EJS  for details on installing one
ERROR: unable to download video data: HTTP Error 403: Forbidden
[4/49] live-sessions: October 15th Live Session (TwagTSTn0WM)
    -> TwagTSTn0WM_transcript.txt (41k chars)
[5/49] live-sessions: October 14th Live Session (gaimeOJjB7I)
    -> gaimeOJjB7I_transcript.txt (101k chars)
[6/49] live-sessions: October 4th Live Session (EH6wbbTEIMU)
    -> EH6wbbTEIMU_transcript.txt (62k chars)
[7/49] live-sessions: October 3rd Live Session (_4zHS1F0jWU)
    -> _4zHS1F0jWU_transcript.txt (69k chars)
[8/49] live-sessions: October 2nd Live Session (YO3V7Acad38)
    -> YO3V7Acad38_transcript.txt (48k chars)
[9/49] live-sessions: October 1st Live Session (1qiR5N75QoM)
    -> 1qiR5N75QoM_transcript.txt (87k chars)
[10/49] live-sessions: November 1st Live Session (Z4CzVDvuI9k)
    -> Z4CzVDvuI9k_transcript.txt (50k chars)
[11/49] live-sessions: November 4th Live Session (UbqvLJbIHNM)
    -> UbqvLJbIHNM_transcript.txt (85k chars)
[12/49] live-sessions: November 5th Live Session (BNWgEfll-Us)
    -> BNWgEfll-Us_transcript.txt (54k chars)
[13/49] live-sessions: November 6th Live Session (tHQRrRV1RGo)
    -> tHQRrRV1RGo_transcript.txt (42k chars)
[14/49] live-sessions: November 7th Live Session (Fgv1Xv9sgqw)
    -> Fgv1Xv9sgqw_transcript.txt (61k chars)
[15/49] live-sessions: November 8th Live Session (63KtSBVzkpA)
    -> 63KtSBVzkpA_transcript.txt (66k chars)
[16/49] live-sessions: November 11th Live Session (UKcFaT1sK7c)
    -> UKcFaT1sK7c_transcript.txt (81k chars)
[17/49] live-sessions: November 12th Live Session (sz2koeG49ro)
    -> sz2koeG49ro_transcript.txt (63k chars)
[18/49] live-sessions: November 13th Live Session (O1gllUQiol4)
    -> O1gllUQiol4_transcript.txt (75k chars)
[19/49] live-sessions: November 14th Live Session (Sao9LcJZNQ8)
    -> Sao9LcJZNQ8_transcript.txt (72k chars)
[20/49] live-sessions: November 15th Live Session (4NxKb-yOKxU)
    -> 4NxKb-yOKxU_transcript.txt (44k chars)
[21/49] live-sessions: November 18th Live Session (NjLqPfWZcd0)
    -> NjLqPfWZcd0_transcript.txt (54k chars)
[22/49] live-sessions: November 19th Live Session (5b2x_fxKlw0)
    -> 5b2x_fxKlw0_transcript.txt (56k chars)
[23/49] live-sessions: November 20th Live Session (dlk1xq3bJyU)
    -> dlk1xq3bJyU_transcript.txt (45k chars)
[24/49] live-sessions: November 21st Live Session (9xPPy7JXJrM)
    -> 9xPPy7JXJrM_transcript.txt (53k chars)
[25/49] live-sessions: November 22nd Live Session (q55Z5_XWiHk)
    -> q55Z5_XWiHk_transcript.txt (56k chars)
[26/49] live-sessions: November 25th Live Session (fmaNgUoLXMA)
    -> fmaNgUoLXMA_transcript.txt (57k chars)
[27/49] live-sessions: November 26th Live Session (o9CLFY3AI24)
    -> o9CLFY3AI24_transcript.txt (64k chars)
[28/49] live-sessions: November 27th Live Session (VesUpLmHCcw)
    -> VesUpLmHCcw_transcript.txt (44k chars)
[29/49] live-sessions: November 29th Live Session (H8L_aspf3u0)
    -> H8L_aspf3u0_transcript.txt (72k chars)
[30/49] live-sessions: December 1st Live Session (H3RDQ_g6CLM)
    -> H3RDQ_g6CLM_transcript.txt (66k chars)
[31/49] live-sessions: December 1st Live Session (H3RDQ_g6CLM)
    -> H3RDQ_g6CLM_transcript.txt (66k chars)
[32/49] live-sessions: December 3rd Live Session (iQyu00uWbuM)
    -> iQyu00uWbuM_transcript.txt (58k chars)
[33/49] live-sessions: December 3rd Live Session (iQyu00uWbuM)
    -> iQyu00uWbuM_transcript.txt (58k chars)
[34/49] live-sessions: December 4th Live Session (aD78jPOKHP0)
    -> aD78jPOKHP0_transcript.txt (59k chars)
[35/49] live-sessions: December 4th Live Session (aD78jPOKHP0)
    SKIP: audio fetch failed: om/yt-dlp/yt-dlp/wiki/EJS  for details on installing one
ERROR: unable to download video data: HTTP Error 403: Forbidden
[36/49] live-sessions: December 5th Live Session (Peer7wl3AjA)
    -> Peer7wl3AjA_transcript.txt (90k chars)
[37/49] live-sessions: December 5th Live Session (Peer7wl3AjA)
    -> Peer7wl3AjA_transcript.txt (87k chars)
[38/49] live-sessions: December 6th Live Session (XIe0XxNnV90)
    -> XIe0XxNnV90_transcript.txt (73k chars)
[39/49] live-sessions: December 8th Live Session (hCW3CJkRS7I)
    -> hCW3CJkRS7I_transcript.txt (77k chars)
[40/49] live-sessions: December 9th Live Session (D6hy47x1IuY)
    -> D6hy47x1IuY_transcript.txt (23k chars)
[41/49] live-sessions: December 10th Live Session (0dBiWH0sL88)
    -> 0dBiWH0sL88_transcript.txt (23k chars)
[42/49] live-sessions: December 11th Live Session (IILhpjMYUU0)
    -> IILhpjMYUU0_transcript.txt (84k chars)
[43/49] live-sessions: December 12th Live Session (GebKN5Hvcco)
    -> GebKN5Hvcco_transcript.txt (113k chars)
[44/49] live-sessions: December 13th Live Session (Qv5JIYkya0w)
    -> Qv5JIYkya0w_transcript.txt (47k chars)
[45/49] live-sessions: December 16th Live Session (QdWVAanA_9U)
    -> QdWVAanA_9U_transcript.txt (81k chars)
[46/49] live-sessions: December 17th Live Session (6Vx6Wo4R0eM)
    -> 6Vx6Wo4R0eM_transcript.txt (56k chars)
[47/49] live-sessions: December 18th Live Session (qqynNw_0vHI)
    -> qqynNw_0vHI_transcript.txt (53k chars)
[48/49] live-sessions: December 19th Live Session (SJu7s_S_aWI)
    -> SJu7s_S_aWI_transcript.txt (77k chars)
[49/49] live-sessions: December 20th Live Session (9te7G9JT1rw)
    -> 9te7G9JT1rw_transcript.txt (57k chars)
Done.
