
1 Failed download:
['TSLA']: YFRateLimitError('Too Many Requests. Rate limited. Try after a while.')

1 Failed download:
['NVDA']: YFRateLimitError('Too Many Requests. Rate limited. Try after a while.')

1 Failed download:
['AAPL']: YFRateLimitError('Too Many Requests. Rate limited. Try after a while.')

1 Failed download:
['AMD']: YFRateLimitError('Too Many Requests. Rate limited. Try after a while.')

1 Failed download:
['META']: YFRateLimitError('Too Many Requests. Rate limited. Try after a while.')

1 Failed download:
['GOOGL']: YFRateLimitError('Too Many Requests. Rate limited. Try after a while.')

1 Failed download:
['AMZN']: YFRateLimitError('Too Many Requests. Rate limited. Try after a while.')

1 Failed download:
['MSFT']: YFRateLimitError('Too Many Requests. Rate limited. Try after a while.')

1 Failed download:
['PLTR']: YFRateLimitError('Too Many Requests. Rate limited. Try after a while.')

1 Failed download:
['SPY']: YFRateLimitError('Too Many Requests. Rate limited. Try after a while.')

1 Failed download:
['QQQ']: YFRateLimitError('Too Many Requests. Rate limited. Try after a while.')

1 Failed download:
['SOFI']: YFRateLimitError('Too Many Requests. Rate limited. Try after a while.')

1 Failed download:
['ORCL']: YFRateLimitError('Too Many Requests. Rate limited. Try after a while.')

1 Failed download:
['COIN']: YFRateLimitError('Too Many Requests. Rate limited. Try after a while.')

1 Failed download:
['HOOD']: YFRateLimitError('Too Many Requests. Rate limited. Try after a while.')

1 Failed download:
['IREN']: YFRateLimitError('Too Many Requests. Rate limited. Try after a while.')

1 Failed download:
['INTC']: YFRateLimitError('Too Many Requests. Rate limited. Try after a while.')

1 Failed download:
['SMCI']: YFRateLimitError('Too Many Requests. Rate limited. Try after a while.')
TSLA: no data
NVDA: no data
AAPL: no data
AMD: no data
META: no data
GOOGL: no data
AMZN: no data
MSFT: no data
PLTR: no data
SPY: no data
QQQ: no data
SOFI: no data
ORCL: no data
COIN: no data
HOOD: no data
IREN: no data
INTC: no data
SMCI: no data
